172.20.10.15
[09/27/24 22:37:55] WARNING  To use the Graphein submodule      embeddings.py:45
                             graphein.protein.features.sequence                 
                             .embeddings, you need to install:                  
                             biovec                                             
                             biovec cannot be installed via                     
                             conda                                              
                             Alternatively, you can install                     
                             graphein with the extras:                          
                                                                                
                             pip install graphein[extras]                       
[09/27/24 22:37:56] WARNING  To use the Graphein submodule      embeddings.py:45
                             graphein.protein.features.sequence                 
                             .embeddings, you need to install:                  
                             biovec                                             
                             biovec cannot be installed via                     
                             conda                                              
                             Alternatively, you can install                     
                             graphein with the extras:                          
                                                                                
                             pip install graphein[extras]                       
[09/27/24 22:37:56] WARNING  To use the Graphein submodule      embeddings.py:45
                             graphein.protein.features.sequence                 
                             .embeddings, you need to install:                  
                             biovec                                             
                             biovec cannot be installed via                     
                             conda                                              
                             Alternatively, you can install                     
                             graphein with the extras:                          
                                                                                
                             pip install graphein[extras]                       
[09/27/24 22:37:56] WARNING  To use the Graphein submodule   visualisation.py:36
                             graphein.protein.visualisation,                    
                             you need to install: pytorch3d                     
                             To do so, use the following                        
                             command: conda install -c                          
                             pytorch3d pytorch3d                                
                    WARNING  To use the Graphein submodule          meshes.py:30
                             graphein.protein.meshes, you need to               
                             install: pytorch3d                                 
                             To do so, use the following command:               
                             conda install -c pytorch3d pytorch3d               
Traceback (most recent call last):
  File "main.py", line 208, in <module>
    main()
  File "main.py", line 158, in main
    with open(args.residues_lists, "r") as f:
TypeError: expected str, bytes or os.PathLike object, not NoneType
[09/27/24 22:37:57] WARNING  To use the Graphein submodule      embeddings.py:45
                             graphein.protein.features.sequence                 
                             .embeddings, you need to install:                  
                             biovec                                             
                             biovec cannot be installed via                     
                             conda                                              
                             Alternatively, you can install                     
                             graphein with the extras:                          
                                                                                
                             pip install graphein[extras]                       
[09/27/24 22:37:57] WARNING  To use the Graphein submodule      embeddings.py:45
                             graphein.protein.features.sequence                 
                             .embeddings, you need to install:                  
                             biovec                                             
                             biovec cannot be installed via                     
                             conda                                              
                             Alternatively, you can install                     
                             graphein with the extras:                          
                                                                                
                             pip install graphein[extras]                       
[09/27/24 22:37:57] WARNING  To use the Graphein submodule   visualisation.py:36
                             graphein.protein.visualisation,                    
                             you need to install: pytorch3d                     
                             To do so, use the following                        
                             command: conda install -c                          
                             pytorch3d pytorch3d                                
                    WARNING  To use the Graphein submodule          meshes.py:30
                             graphein.protein.meshes, you need to               
                             install: pytorch3d                                 
                             To do so, use the following command:               
                             conda install -c pytorch3d pytorch3d               
Traceback (most recent call last):
  File "main.py", line 208, in <module>
    main()
  File "main.py", line 158, in main
    with open(args.residues_lists, "r") as f:
TypeError: expected str, bytes or os.PathLike object, not NoneType
srun: error: work3: task 7: Exited with exit code 1
[09/27/24 22:37:57] WARNING  To use the Graphein submodule      embeddings.py:45
                             graphein.protein.features.sequence                 
                             .embeddings, you need to install:                  
                             biovec                                             
                             biovec cannot be installed via                     
                             conda                                              
                             Alternatively, you can install                     
                             graphein with the extras:                          
                                                                                
                             pip install graphein[extras]                       
                    WARNING  To use the Graphein submodule   visualisation.py:36
                             graphein.protein.visualisation,                    
                             you need to install: pytorch3d                     
                             To do so, use the following                        
                             command: conda install -c                          
                             pytorch3d pytorch3d                                
                    WARNING  To use the Graphein submodule          meshes.py:30
                             graphein.protein.meshes, you need to               
                             install: pytorch3d                                 
                             To do so, use the following command:               
                             conda install -c pytorch3d pytorch3d               
Traceback (most recent call last):
  File "main.py", line 208, in <module>
    main()
  File "main.py", line 158, in main
    with open(args.residues_lists, "r") as f:
TypeError: expected str, bytes or os.PathLike object, not NoneType
[09/27/24 22:37:57] WARNING  To use the Graphein submodule   visualisation.py:36
                             graphein.protein.visualisation,                    
                             you need to install: pytorch3d                     
                             To do so, use the following                        
                             command: conda install -c                          
                             pytorch3d pytorch3d                                
                    WARNING  To use the Graphein submodule          meshes.py:30
                             graphein.protein.meshes, you need to               
                             install: pytorch3d                                 
                             To do so, use the following command:               
                             conda install -c pytorch3d pytorch3d               
Traceback (most recent call last):
  File "main.py", line 208, in <module>
    main()
  File "main.py", line 158, in main
    with open(args.residues_lists, "r") as f:
TypeError: expected str, bytes or os.PathLike object, not NoneType
[09/27/24 22:37:58] WARNING  To use the Graphein submodule   visualisation.py:36
                             graphein.protein.visualisation,                    
                             you need to install: pytorch3d                     
                             To do so, use the following                        
                             command: conda install -c                          
                             pytorch3d pytorch3d                                
                    WARNING  To use the Graphein submodule          meshes.py:30
                             graphein.protein.meshes, you need to               
                             install: pytorch3d                                 
                             To do so, use the following command:               
                             conda install -c pytorch3d pytorch3d               
Traceback (most recent call last):
  File "main.py", line 208, in <module>
    main()
  File "main.py", line 158, in main
    with open(args.residues_lists, "r") as f:
TypeError: expected str, bytes or os.PathLike object, not NoneType
[09/27/24 22:37:58] WARNING  To use the Graphein submodule      embeddings.py:45
                             graphein.protein.features.sequence                 
                             .embeddings, you need to install:                  
                             biovec                                             
                             biovec cannot be installed via                     
                             conda                                              
                             Alternatively, you can install                     
                             graphein with the extras:                          
                                                                                
                             pip install graphein[extras]                       
[09/27/24 22:37:58] WARNING  To use the Graphein submodule   visualisation.py:36
                             graphein.protein.visualisation,                    
                             you need to install: pytorch3d                     
                             To do so, use the following                        
                             command: conda install -c                          
                             pytorch3d pytorch3d                                
                    WARNING  To use the Graphein submodule          meshes.py:30
                             graphein.protein.meshes, you need to               
                             install: pytorch3d                                 
                             To do so, use the following command:               
                             conda install -c pytorch3d pytorch3d               
Traceback (most recent call last):
  File "main.py", line 208, in <module>
    main()
  File "main.py", line 158, in main
    with open(args.residues_lists, "r") as f:
TypeError: expected str, bytes or os.PathLike object, not NoneType
srun: error: work3: task 1: Exited with exit code 1
[09/27/24 22:37:58] WARNING  To use the Graphein submodule      embeddings.py:45
                             graphein.protein.features.sequence                 
                             .embeddings, you need to install:                  
                             biovec                                             
                             biovec cannot be installed via                     
                             conda                                              
                             Alternatively, you can install                     
                             graphein with the extras:                          
                                                                                
                             pip install graphein[extras]                       
                    WARNING  To use the Graphein submodule   visualisation.py:36
                             graphein.protein.visualisation,                    
                             you need to install: pytorch3d                     
                             To do so, use the following                        
                             command: conda install -c                          
                             pytorch3d pytorch3d                                
                    WARNING  To use the Graphein submodule          meshes.py:30
                             graphein.protein.meshes, you need to               
                             install: pytorch3d                                 
                             To do so, use the following command:               
                             conda install -c pytorch3d pytorch3d               
Traceback (most recent call last):
  File "main.py", line 208, in <module>
    main()
  File "main.py", line 158, in main
    with open(args.residues_lists, "r") as f:
TypeError: expected str, bytes or os.PathLike object, not NoneType
srun: error: work3: task 6: Exited with exit code 1
srun: error: work3: tasks 2,5: Exited with exit code 1
[09/27/24 22:37:59] WARNING  To use the Graphein submodule   visualisation.py:36
                             graphein.protein.visualisation,                    
                             you need to install: pytorch3d                     
                             To do so, use the following                        
                             command: conda install -c                          
                             pytorch3d pytorch3d                                
                    WARNING  To use the Graphein submodule          meshes.py:30
                             graphein.protein.meshes, you need to               
                             install: pytorch3d                                 
                             To do so, use the following command:               
                             conda install -c pytorch3d pytorch3d               
Traceback (most recent call last):
  File "main.py", line 208, in <module>
    main()
  File "main.py", line 158, in main
    with open(args.residues_lists, "r") as f:
TypeError: expected str, bytes or os.PathLike object, not NoneType
srun: error: work3: task 4: Exited with exit code 1
srun: error: work3: task 0: Exited with exit code 1
srun: error: work3: task 3: Exited with exit code 1
