[10/10/24 02:20:20] WARNING  To use the Graphein submodule      embeddings.py:45
                             graphein.protein.features.sequence                 
                             .embeddings, you need to install:                  
                             biovec                                             
                             biovec cannot be installed via                     
                             conda                                              
                             Alternatively, you can install                     
                             graphein with the extras:                          
                                                                                
                             pip install graphein[extras]                       
[10/10/24 02:20:21] WARNING  To use the Graphein submodule   visualisation.py:36
                             graphein.protein.visualisation,                    
                             you need to install: pytorch3d                     
                             To do so, use the following                        
                             command: conda install -c                          
                             pytorch3d pytorch3d                                
                    WARNING  To use the Graphein submodule          meshes.py:30
                             graphein.protein.meshes, you need to               
                             install: pytorch3d                                 
                             To do so, use the following command:               
                             conda install -c pytorch3d pytorch3d               
Usando 4 threads OpenMP.
12.3.0
                    DEBUG    Deprotonating protein. This removes H graphs.py:188
                             atoms from the pdb_df dataframe                    
                    DEBUG    Converting dataframe to centroids.    graphs.py:210
                             This averages XYZ coords of the                    
                             atoms in a residue                                 
                    DEBUG    Calculated 189 centroid nodes         graphs.py:649
                    DEBUG    Detected 189 total nodes              graphs.py:435
                    DEBUG    Reading meiler embeddings from:    amino_acid.py:58
                             /home/carlos23001/anaconda3/envs/i                 
                             c_bioinfo/lib/python3.8/site-packa                 
                             ges/graphein/protein/features/node                 
                             s/meiler_embeddings.csv                            
                    INFO     Found: 3297 distance edges          distance.py:964
                    INFO     Added 3297 distance edges. (0       distance.py:983
                             removed by LIN)                                    

                    DEBUG    Found 130 nodes in the surface     subgraphs.py:516
                             subgraph.                                          
                    DEBUG    Creating subgraph from nodes:       subgraphs.py:58
                             ['A:ALA:125', 'A:ASP:30',                          
                             'C:VAL:6', 'A:VAL:158',                            
                             'A:GLN:115', 'A:ARG:82',                           
                             'A:ALA:139', 'A:PRO:47',                           
                             'A:GLU:177', 'A:ALA:136',                          
                             'A:ARG:157', 'A:ASP:166',                          
                             'A:MET:138', 'A:THR:10',                           
                             'A:ARG:35', 'A:GLY:162',                           
                             'A:PHE:109', 'A:LEU:110',                          
                             'A:SER:38', 'A:SER:88',                            
                             'A:ARG:111', 'C:ILE:5', 'A:ALA:40',                
                             'A:ARG:65', 'A:GLY:79', 'A:PRO:20',                
                             'A:GLN:72', 'A:THR:31', 'A:ILE:23',                
                             'A:PHE:8', 'A:ASP:29', 'A:GLY:56',                 
                             'A:THR:178', 'A:GLU:55',                           
                             'A:ARG:48', 'A:ARG:6', 'A:ARG:21',                 
                             'A:ALA:41', 'A:GLU:58', 'A:HIS:3',                 
                             'A:ARG:169', 'A:LYS:44',                           
                             'A:GLN:62', 'A:THR:80',                            
                             'A:GLU:173', 'A:ALA:135',                          
                             'C:GLN:8', 'A:ARG:75', 'A:ASP:102',                
                             'A:SER:2', 'A:ASP:37', 'A:GLU:148',                
                             'C:PRO:4', 'A:LYS:176', 'A:TYR:27',                
                             'A:GLN:54', 'A:PRO:50', 'A:THR:94',                
                             'A:GLU:19', 'A:TYR:84',                            
                             'A:ALA:149', 'A:ASN:174',                          
                             'A:ARG:163', 'A:GLU:53',                           
                             'A:LYS:146', 'A:ASP:129',                          
                             'A:MET:98', 'A:THR:134',                           
                             'A:THR:73', 'A:GLY:1', 'A:GLU:161',                
                             'A:TYR:113', 'A:ALA:117',                          
                             'A:ASP:61', 'A:GLN:180',                           
                             'A:SER:42', 'A:VAL:25',                            
                             'A:GLY:120', 'A:SER:132',                          
                             'A:GLN:87', 'A:SER:71',                            
                             'A:ILE:142', 'A:GLN:32',                           
                             'A:GLN:96', 'A:ALA:76', 'A:ARG:14',                
                             'A:ASP:39', 'A:VAL:150',                           
                             'A:PRO:15', 'A:ARG:108',                           
                             'A:ARG:131', 'A:ARG:145',                          
                             'A:LYS:121', 'A:GLY:107',                          
                             'A:SER:92', 'A:GLY:16', 'A:GLY:18',                
                             'A:ALA:69', 'A:GLU:128',                           
                             'A:HIS:93', 'A:GLN:43', 'C:GLU:1',                 
                             'A:PRO:105', 'A:GLY:91',                           
                             'A:PRO:57', 'A:GLY:83',                            
                             'A:ARG:170', 'A:VAL:12',                           
                             'A:ASP:137', 'A:ASN:127',                          
                             'A:LYS:68', 'A:ASP:119',                           
                             'A:GLN:155', 'A:GLU:46',                           
                             'A:ASP:106', 'A:TRP:60',                           
                             'A:TYR:85', 'A:ASP:90', 'A:ASN:66',                
                             'A:GLU:154', 'A:ASN:86',                           
                             'A:LYS:144', 'A:SER:4', 'A:ALA:49',                
                             'A:HIS:151', 'A:ARG:17',                           
                             'A:GLU:89', 'A:GLN:141',                           
                             'A:SER:13', 'A:ASP:122'].                          
Subgraph exposed_residues created with success!
                    DEBUG    Found 9 nodes in the chain         subgraphs.py:267
                             subgraph.                                          
                    DEBUG    Creating subgraph from nodes:       subgraphs.py:58
                             ['C:SER:2', 'C:VAL:6', 'C:ASP:3',                  
                             'C:PRO:4', 'C:ILE:5', 'C:ALA:7',                   
                             'C:GLU:1', 'C:GLN:8', 'C:TYR:9'].                  
Subgraph selected_chains created with success!
                    DEBUG    Found 59 nodes in the sequence     subgraphs.py:316
                             position subgraph.                                 
                    DEBUG    Creating subgraph from nodes:       subgraphs.py:58
                             ['A:GLU:63', 'A:GLY:18',                           
                             'A:ALA:149', 'A:ARG:156',                          
                             'A:ALA:69', 'A:ARG:163',                           
                             'A:LYS:146', 'A:GLN:43',                           
                             'A:ALA:152', 'A:GLU:58',                           
                             'A:THR:73', 'A:VAL:158',                           
                             'A:GLU:161', 'A:ARG:169',                          
                             'A:ASP:61', 'A:TYR:159',                           
                             'A:PRO:57', 'A:LYS:44',                            
                             'A:ALA:153', 'A:GLY:83',                           
                             'A:TRP:147', 'A:GLY:167',                          
                             'A:GLN:62', 'A:THR:80',                            
                             'A:ARG:157', 'A:ASP:166',                          
                             'A:ARG:170', 'A:ARG:75',                           
                             'A:LYS:68', 'A:GLN:155',                           
                             'A:GLY:162', 'A:PHE:109',                          
                             'A:SER:71', 'A:ASP:106',                           
                             'A:ILE:142', 'A:GLU:148',                          
                             'A:ALA:76', 'A:TRP:60', 'A:ASN:66',                
                             'A:GLU:154', 'A:ARG:65',                           
                             'A:THR:64', 'A:GLY:79', 'A:GLY:56',                
                             'A:VAL:150', 'A:GLN:72',                           
                             'A:ASN:77', 'A:ARG:108',                           
                             'A:TYR:59', 'A:ARG:131',                           
                             'A:GLN:54', 'A:HIS:70',                            
                             'A:HIS:151', 'A:ARG:17',                           
                             'A:GLU:89', 'A:ARG:145',                           
                             'A:GLU:19', 'A:TYR:84',                            
                             'A:GLU:55'].                                       
Subgraph all_residues created with success!
                    DEBUG    Deprotonating protein. This removes H graphs.py:188
                             atoms from the pdb_df dataframe                    
                    DEBUG    Converting dataframe to centroids.    graphs.py:210
                             This averages XYZ coords of the                    
                             atoms in a residue                                 
                    DEBUG    Calculated 189 centroid nodes         graphs.py:649
                    DEBUG    Detected 189 total nodes              graphs.py:435
                    INFO     Found: 3297 distance edges          distance.py:964
                    INFO     Added 3297 distance edges. (0       distance.py:983
                             removed by LIN)                                    

                    DEBUG    Found 130 nodes in the surface     subgraphs.py:516
                             subgraph.                                          
                    DEBUG    Creating subgraph from nodes:       subgraphs.py:58
                             ['A:ALA:125', 'A:ASP:30',                          
                             'C:VAL:6', 'A:VAL:158',                            
                             'A:GLN:115', 'A:ARG:82',                           
                             'A:ALA:139', 'A:PRO:47',                           
                             'A:GLU:177', 'A:ALA:136',                          
                             'A:ARG:157', 'A:ASP:166',                          
                             'A:MET:138', 'A:THR:10',                           
                             'A:ARG:35', 'A:GLY:162',                           
                             'A:PHE:109', 'A:LEU:110',                          
                             'A:SER:38', 'A:SER:88',                            
                             'A:ARG:111', 'C:ILE:5', 'A:ALA:40',                
                             'A:ARG:65', 'A:GLY:79', 'A:PRO:20',                
                             'A:GLN:72', 'A:THR:31', 'A:ILE:23',                
                             'A:PHE:8', 'A:ASP:29', 'A:GLY:56',                 
                             'A:THR:178', 'A:GLU:55',                           
                             'A:ARG:48', 'A:ARG:6', 'A:ARG:21',                 
                             'A:ALA:41', 'A:GLU:58', 'A:HIS:3',                 
                             'A:ARG:169', 'A:LYS:44',                           
                             'A:GLN:62', 'A:THR:80',                            
                             'A:GLU:173', 'A:ALA:135',                          
                             'C:GLN:8', 'A:ARG:75', 'A:ASP:102',                
                             'A:SER:2', 'A:ASP:37', 'A:GLU:148',                
                             'C:PRO:4', 'A:LYS:176', 'A:TYR:27',                
                             'A:GLN:54', 'A:PRO:50', 'A:THR:94',                
                             'A:GLU:19', 'A:TYR:84',                            
                             'A:ALA:149', 'A:ASN:174',                          
                             'A:ARG:163', 'A:GLU:53',                           
                             'A:LYS:146', 'A:ASP:129',                          
                             'A:MET:98', 'A:THR:134',                           
                             'A:THR:73', 'A:GLY:1', 'A:GLU:161',                
                             'A:TYR:113', 'A:ALA:117',                          
                             'A:ASP:61', 'A:GLN:180',                           
                             'A:SER:42', 'A:VAL:25',                            
                             'A:GLY:120', 'A:SER:132',                          
                             'A:GLN:87', 'A:SER:71',                            
                             'A:ILE:142', 'A:GLN:32',                           
                             'A:GLN:96', 'A:ALA:76', 'A:ARG:14',                
                             'A:ASP:39', 'A:VAL:150',                           
                             'A:PRO:15', 'A:ARG:108',                           
                             'A:ARG:131', 'A:ARG:145',                          
                             'A:LYS:121', 'A:GLY:107',                          
                             'A:SER:92', 'A:GLY:16', 'A:GLY:18',                
                             'A:ALA:69', 'A:GLU:128',                           
                             'A:HIS:93', 'A:GLN:43', 'C:GLU:1',                 
                             'A:PRO:105', 'A:GLY:91',                           
                             'A:PRO:57', 'A:GLY:83',                            
                             'A:ARG:170', 'A:VAL:12',                           
                             'A:ASP:137', 'A:ASN:127',                          
                             'A:LYS:68', 'A:ASP:119',                           
                             'A:GLN:155', 'A:GLU:46',                           
                             'A:ASP:106', 'A:TRP:60',                           
                             'A:TYR:85', 'A:ASP:90', 'A:ASN:66',                
                             'A:GLU:154', 'A:ASN:86',                           
                             'A:LYS:144', 'A:SER:4', 'A:ALA:49',                
                             'A:HIS:151', 'A:ARG:17',                           
                             'A:GLU:89', 'A:GLN:141',                           
                             'A:SER:13', 'A:ASP:122'].                          
Subgraph exposed_residues created with success!
                    DEBUG    Found 9 nodes in the chain         subgraphs.py:267
                             subgraph.                                          
                    DEBUG    Creating subgraph from nodes:       subgraphs.py:58
                             ['C:SER:2', 'C:VAL:6', 'C:ASP:3',                  
                             'C:PRO:4', 'C:ILE:5', 'C:ALA:7',                   
                             'C:GLU:1', 'C:GLN:8', 'C:TYR:9'].                  
Subgraph selected_chains created with success!
                    DEBUG    Found 59 nodes in the sequence     subgraphs.py:316
                             position subgraph.                                 
                    DEBUG    Creating subgraph from nodes:       subgraphs.py:58
                             ['A:GLU:63', 'A:GLY:18',                           
                             'A:ALA:149', 'A:ARG:156',                          
                             'A:ALA:69', 'A:ARG:163',                           
                             'A:LYS:146', 'A:GLN:43',                           
                             'A:ALA:152', 'A:GLU:58',                           
                             'A:THR:73', 'A:VAL:158',                           
                             'A:GLU:161', 'A:ARG:169',                          
                             'A:ASP:61', 'A:TYR:159',                           
                             'A:PRO:57', 'A:LYS:44',                            
                             'A:ALA:153', 'A:GLY:83',                           
                             'A:TRP:147', 'A:GLY:167',                          
                             'A:GLN:62', 'A:THR:80',                            
                             'A:ARG:157', 'A:ASP:166',                          
                             'A:ARG:170', 'A:ARG:75',                           
                             'A:LYS:68', 'A:GLN:155',                           
                             'A:GLY:162', 'A:PHE:109',                          
                             'A:SER:71', 'A:ASP:106',                           
                             'A:ILE:142', 'A:GLU:148',                          
                             'A:ALA:76', 'A:TRP:60', 'A:ASN:66',                
                             'A:GLU:154', 'A:ARG:65',                           
                             'A:THR:64', 'A:GLY:79', 'A:GLY:56',                
                             'A:VAL:150', 'A:GLN:72',                           
                             'A:ASN:77', 'A:ARG:108',                           
                             'A:TYR:59', 'A:ARG:131',                           
                             'A:GLN:54', 'A:HIS:70',                            
                             'A:HIS:151', 'A:ARG:17',                           
                             'A:GLU:89', 'A:ARG:145',                           
                             'A:GLU:19', 'A:TYR:84',                            
                             'A:GLU:55'].                                       
Subgraph all_residues created with success!
                    DEBUG    Deprotonating protein. This removes H graphs.py:188
                             atoms from the pdb_df dataframe                    
                    DEBUG    Converting dataframe to centroids.    graphs.py:210
                             This averages XYZ coords of the                    
                             atoms in a residue                                 
                    DEBUG    Calculated 189 centroid nodes         graphs.py:649
                    DEBUG    Detected 189 total nodes              graphs.py:435
                    INFO     Found: 3297 distance edges          distance.py:964
                    INFO     Added 3297 distance edges. (0       distance.py:983
                             removed by LIN)                                    

                    DEBUG    Found 130 nodes in the surface     subgraphs.py:516
                             subgraph.                                          
                    DEBUG    Creating subgraph from nodes:       subgraphs.py:58
                             ['A:ALA:125', 'A:ASP:30',                          
                             'C:VAL:6', 'A:VAL:158',                            
                             'A:GLN:115', 'A:ARG:82',                           
                             'A:ALA:139', 'A:PRO:47',                           
                             'A:GLU:177', 'A:ALA:136',                          
                             'A:ARG:157', 'A:ASP:166',                          
                             'A:MET:138', 'A:THR:10',                           
                             'A:ARG:35', 'A:GLY:162',                           
                             'A:PHE:109', 'A:LEU:110',                          
                             'A:SER:38', 'A:SER:88',                            
                             'A:ARG:111', 'C:ILE:5', 'A:ALA:40',                
                             'A:ARG:65', 'A:GLY:79', 'A:PRO:20',                
                             'A:GLN:72', 'A:THR:31', 'A:ILE:23',                
                             'A:PHE:8', 'A:ASP:29', 'A:GLY:56',                 
                             'A:THR:178', 'A:GLU:55',                           
                             'A:ARG:48', 'A:ARG:6', 'A:ARG:21',                 
                             'A:ALA:41', 'A:GLU:58', 'A:HIS:3',                 
                             'A:ARG:169', 'A:LYS:44',                           
                             'A:GLN:62', 'A:THR:80',                            
                             'A:GLU:173', 'A:ALA:135',                          
                             'C:GLN:8', 'A:ARG:75', 'A:ASP:102',                
                             'A:SER:2', 'A:ASP:37', 'A:GLU:148',                
                             'C:PRO:4', 'A:LYS:176', 'A:TYR:27',                
                             'A:GLN:54', 'A:PRO:50', 'A:THR:94',                
                             'A:GLU:19', 'A:TYR:84',                            
                             'A:ALA:149', 'A:ASN:174',                          
                             'A:ARG:163', 'A:GLU:53',                           
                             'A:LYS:146', 'A:ASP:129',                          
                             'A:MET:98', 'A:THR:134',                           
                             'A:THR:73', 'A:GLY:1', 'A:GLU:161',                
                             'A:TYR:113', 'A:ALA:117',                          
                             'A:ASP:61', 'A:GLN:180',                           
                             'A:SER:42', 'A:VAL:25',                            
                             'A:GLY:120', 'A:SER:132',                          
                             'A:GLN:87', 'A:SER:71',                            
                             'A:ILE:142', 'A:GLN:32',                           
                             'A:GLN:96', 'A:ALA:76', 'A:ARG:14',                
                             'A:ASP:39', 'A:VAL:150',                           
                             'A:PRO:15', 'A:ARG:108',                           
                             'A:ARG:131', 'A:ARG:145',                          
                             'A:LYS:121', 'A:GLY:107',                          
                             'A:SER:92', 'A:GLY:16', 'A:GLY:18',                
                             'A:ALA:69', 'A:GLU:128',                           
                             'A:HIS:93', 'A:GLN:43', 'C:GLU:1',                 
                             'A:PRO:105', 'A:GLY:91',                           
                             'A:PRO:57', 'A:GLY:83',                            
                             'A:ARG:170', 'A:VAL:12',                           
                             'A:ASP:137', 'A:ASN:127',                          
                             'A:LYS:68', 'A:ASP:119',                           
                             'A:GLN:155', 'A:GLU:46',                           
                             'A:ASP:106', 'A:TRP:60',                           
                             'A:TYR:85', 'A:ASP:90', 'A:ASN:66',                
                             'A:GLU:154', 'A:ASN:86',                           
                             'A:LYS:144', 'A:SER:4', 'A:ALA:49',                
                             'A:HIS:151', 'A:ARG:17',                           
                             'A:GLU:89', 'A:GLN:141',                           
                             'A:SER:13', 'A:ASP:122'].                          
Subgraph exposed_residues created with success!
                    DEBUG    Found 9 nodes in the chain         subgraphs.py:267
                             subgraph.                                          
                    DEBUG    Creating subgraph from nodes:       subgraphs.py:58
                             ['C:SER:2', 'C:VAL:6', 'C:ASP:3',                  
                             'C:PRO:4', 'C:ILE:5', 'C:ALA:7',                   
                             'C:GLU:1', 'C:GLN:8', 'C:TYR:9'].                  
Subgraph selected_chains created with success!
                    DEBUG    Found 59 nodes in the sequence     subgraphs.py:316
                             position subgraph.                                 
                    DEBUG    Creating subgraph from nodes:       subgraphs.py:58
                             ['A:GLU:63', 'A:GLY:18',                           
                             'A:ALA:149', 'A:ARG:156',                          
                             'A:ALA:69', 'A:ARG:163',                           
                             'A:LYS:146', 'A:GLN:43',                           
                             'A:ALA:152', 'A:GLU:58',                           
                             'A:THR:73', 'A:VAL:158',                           
                             'A:GLU:161', 'A:ARG:169',                          
                             'A:ASP:61', 'A:TYR:159',                           
                             'A:PRO:57', 'A:LYS:44',                            
                             'A:ALA:153', 'A:GLY:83',                           
                             'A:TRP:147', 'A:GLY:167',                          
                             'A:GLN:62', 'A:THR:80',                            
                             'A:ARG:157', 'A:ASP:166',                          
                             'A:ARG:170', 'A:ARG:75',                           
                             'A:LYS:68', 'A:GLN:155',                           
                             'A:GLY:162', 'A:PHE:109',                          
                             'A:SER:71', 'A:ASP:106',                           
                             'A:ILE:142', 'A:GLU:148',                          
                             'A:ALA:76', 'A:TRP:60', 'A:ASN:66',                
                             'A:GLU:154', 'A:ARG:65',                           
                             'A:THR:64', 'A:GLY:79', 'A:GLY:56',                
                             'A:VAL:150', 'A:GLN:72',                           
                             'A:ASN:77', 'A:ARG:108',                           
                             'A:TYR:59', 'A:ARG:131',                           
                             'A:GLN:54', 'A:HIS:70',                            
                             'A:HIS:151', 'A:ARG:17',                           
                             'A:GLU:89', 'A:ARG:145',                           
                             'A:GLU:19', 'A:TYR:84',                            
                             'A:GLU:55'].                                       
Subgraph all_residues created with success!
                    DEBUG    Deprotonating protein. This removes H graphs.py:188
                             atoms from the pdb_df dataframe                    
                    DEBUG    Converting dataframe to centroids.    graphs.py:210
                             This averages XYZ coords of the                    
                             atoms in a residue                                 
                    DEBUG    Calculated 189 centroid nodes         graphs.py:649
                    DEBUG    Detected 189 total nodes              graphs.py:435
                    INFO     Found: 3297 distance edges          distance.py:964
                    INFO     Added 3297 distance edges. (0       distance.py:983
                             removed by LIN)                                    

                    DEBUG    Found 130 nodes in the surface     subgraphs.py:516
                             subgraph.                                          
                    DEBUG    Creating subgraph from nodes:       subgraphs.py:58
                             ['A:ALA:125', 'A:ASP:30',                          
                             'C:VAL:6', 'A:VAL:158',                            
                             'A:GLN:115', 'A:ARG:82',                           
                             'A:ALA:139', 'A:PRO:47',                           
                             'A:GLU:177', 'A:ALA:136',                          
                             'A:ARG:157', 'A:ASP:166',                          
                             'A:MET:138', 'A:THR:10',                           
                             'A:ARG:35', 'A:GLY:162',                           
                             'A:PHE:109', 'A:LEU:110',                          
                             'A:SER:38', 'A:SER:88',                            
                             'A:ARG:111', 'C:ILE:5', 'A:ALA:40',                
                             'A:ARG:65', 'A:GLY:79', 'A:PRO:20',                
                             'A:GLN:72', 'A:THR:31', 'A:ILE:23',                
                             'A:PHE:8', 'A:ASP:29', 'A:GLY:56',                 
                             'A:THR:178', 'A:GLU:55',                           
                             'A:ARG:48', 'A:ARG:6', 'A:ARG:21',                 
                             'A:ALA:41', 'A:GLU:58', 'A:HIS:3',                 
                             'A:ARG:169', 'A:LYS:44',                           
                             'A:GLN:62', 'A:THR:80',                            
                             'A:GLU:173', 'A:ALA:135',                          
                             'C:GLN:8', 'A:ARG:75', 'A:ASP:102',                
                             'A:SER:2', 'A:ASP:37', 'A:GLU:148',                
                             'C:PRO:4', 'A:LYS:176', 'A:TYR:27',                
                             'A:GLN:54', 'A:PRO:50', 'A:THR:94',                
                             'A:GLU:19', 'A:TYR:84',                            
                             'A:ALA:149', 'A:ASN:174',                          
                             'A:ARG:163', 'A:GLU:53',                           
                             'A:LYS:146', 'A:ASP:129',                          
                             'A:MET:98', 'A:THR:134',                           
                             'A:THR:73', 'A:GLY:1', 'A:GLU:161',                
                             'A:TYR:113', 'A:ALA:117',                          
                             'A:ASP:61', 'A:GLN:180',                           
                             'A:SER:42', 'A:VAL:25',                            
                             'A:GLY:120', 'A:SER:132',                          
                             'A:GLN:87', 'A:SER:71',                            
                             'A:ILE:142', 'A:GLN:32',                           
                             'A:GLN:96', 'A:ALA:76', 'A:ARG:14',                
                             'A:ASP:39', 'A:VAL:150',                           
                             'A:PRO:15', 'A:ARG:108',                           
                             'A:ARG:131', 'A:ARG:145',                          
                             'A:LYS:121', 'A:GLY:107',                          
                             'A:SER:92', 'A:GLY:16', 'A:GLY:18',                
                             'A:ALA:69', 'A:GLU:128',                           
                             'A:HIS:93', 'A:GLN:43', 'C:GLU:1',                 
                             'A:PRO:105', 'A:GLY:91',                           
                             'A:PRO:57', 'A:GLY:83',                            
                             'A:ARG:170', 'A:VAL:12',                           
                             'A:ASP:137', 'A:ASN:127',                          
                             'A:LYS:68', 'A:ASP:119',                           
                             'A:GLN:155', 'A:GLU:46',                           
                             'A:ASP:106', 'A:TRP:60',                           
                             'A:TYR:85', 'A:ASP:90', 'A:ASN:66',                
                             'A:GLU:154', 'A:ASN:86',                           
                             'A:LYS:144', 'A:SER:4', 'A:ALA:49',                
                             'A:HIS:151', 'A:ARG:17',                           
                             'A:GLU:89', 'A:GLN:141',                           
                             'A:SER:13', 'A:ASP:122'].                          
Subgraph exposed_residues created with success!
                    DEBUG    Found 9 nodes in the chain         subgraphs.py:267
                             subgraph.                                          
                    DEBUG    Creating subgraph from nodes:       subgraphs.py:58
                             ['C:SER:2', 'C:VAL:6', 'C:ASP:3',                  
                             'C:PRO:4', 'C:ILE:5', 'C:ALA:7',                   
                             'C:GLU:1', 'C:GLN:8', 'C:TYR:9'].                  
Subgraph selected_chains created with success!
                    DEBUG    Found 59 nodes in the sequence     subgraphs.py:316
                             position subgraph.                                 
                    DEBUG    Creating subgraph from nodes:       subgraphs.py:58
                             ['A:GLU:63', 'A:GLY:18',                           
                             'A:ALA:149', 'A:ARG:156',                          
                             'A:ALA:69', 'A:ARG:163',                           
                             'A:LYS:146', 'A:GLN:43',                           
                             'A:ALA:152', 'A:GLU:58',                           
                             'A:THR:73', 'A:VAL:158',                           
                             'A:GLU:161', 'A:ARG:169',                          
                             'A:ASP:61', 'A:TYR:159',                           
                             'A:PRO:57', 'A:LYS:44',                            
                             'A:ALA:153', 'A:GLY:83',                           
                             'A:TRP:147', 'A:GLY:167',                          
                             'A:GLN:62', 'A:THR:80',                            
                             'A:ARG:157', 'A:ASP:166',                          
                             'A:ARG:170', 'A:ARG:75',                           
                             'A:LYS:68', 'A:GLN:155',                           
                             'A:GLY:162', 'A:PHE:109',                          
                             'A:SER:71', 'A:ASP:106',                           
                             'A:ILE:142', 'A:GLU:148',                          
                             'A:ALA:76', 'A:TRP:60', 'A:ASN:66',                
                             'A:GLU:154', 'A:ARG:65',                           
                             'A:THR:64', 'A:GLY:79', 'A:GLY:56',                
                             'A:VAL:150', 'A:GLN:72',                           
                             'A:ASN:77', 'A:ARG:108',                           
                             'A:TYR:59', 'A:ARG:131',                           
                             'A:GLN:54', 'A:HIS:70',                            
                             'A:HIS:151', 'A:ARG:17',                           
                             'A:GLU:89', 'A:ARG:145',                           
                             'A:GLU:19', 'A:TYR:84',                            
                             'A:GLU:55'].                                       
Subgraph all_residues created with success!
                    DEBUG    Deprotonating protein. This removes H graphs.py:188
                             atoms from the pdb_df dataframe                    
                    DEBUG    Converting dataframe to centroids.    graphs.py:210
                             This averages XYZ coords of the                    
                             atoms in a residue                                 
                    DEBUG    Calculated 189 centroid nodes         graphs.py:649
                    DEBUG    Detected 189 total nodes              graphs.py:435
                    INFO     Found: 3297 distance edges          distance.py:964
                    INFO     Added 3297 distance edges. (0       distance.py:983
                             removed by LIN)                                    

                    DEBUG    Found 130 nodes in the surface     subgraphs.py:516
                             subgraph.                                          
                    DEBUG    Creating subgraph from nodes:       subgraphs.py:58
                             ['A:ALA:125', 'A:ASP:30',                          
                             'C:VAL:6', 'A:VAL:158',                            
                             'A:GLN:115', 'A:ARG:82',                           
                             'A:ALA:139', 'A:PRO:47',                           
                             'A:GLU:177', 'A:ALA:136',                          
                             'A:ARG:157', 'A:ASP:166',                          
                             'A:MET:138', 'A:THR:10',                           
                             'A:ARG:35', 'A:GLY:162',                           
                             'A:PHE:109', 'A:LEU:110',                          
                             'A:SER:38', 'A:SER:88',                            
                             'A:ARG:111', 'C:ILE:5', 'A:ALA:40',                
                             'A:ARG:65', 'A:GLY:79', 'A:PRO:20',                
                             'A:GLN:72', 'A:THR:31', 'A:ILE:23',                
                             'A:PHE:8', 'A:ASP:29', 'A:GLY:56',                 
                             'A:THR:178', 'A:GLU:55',                           
                             'A:ARG:48', 'A:ARG:6', 'A:ARG:21',                 
                             'A:ALA:41', 'A:GLU:58', 'A:HIS:3',                 
                             'A:ARG:169', 'A:LYS:44',                           
                             'A:GLN:62', 'A:THR:80',                            
                             'A:GLU:173', 'A:ALA:135',                          
                             'C:GLN:8', 'A:ARG:75', 'A:ASP:102',                
                             'A:SER:2', 'A:ASP:37', 'A:GLU:148',                
                             'C:PRO:4', 'A:LYS:176', 'A:TYR:27',                
                             'A:GLN:54', 'A:PRO:50', 'A:THR:94',                
                             'A:GLU:19', 'A:TYR:84',                            
                             'A:ALA:149', 'A:ASN:174',                          
                             'A:ARG:163', 'A:GLU:53',                           
                             'A:LYS:146', 'A:ASP:129',                          
                             'A:MET:98', 'A:THR:134',                           
                             'A:THR:73', 'A:GLY:1', 'A:GLU:161',                
                             'A:TYR:113', 'A:ALA:117',                          
                             'A:ASP:61', 'A:GLN:180',                           
                             'A:SER:42', 'A:VAL:25',                            
                             'A:GLY:120', 'A:SER:132',                          
                             'A:GLN:87', 'A:SER:71',                            
                             'A:ILE:142', 'A:GLN:32',                           
                             'A:GLN:96', 'A:ALA:76', 'A:ARG:14',                
                             'A:ASP:39', 'A:VAL:150',                           
                             'A:PRO:15', 'A:ARG:108',                           
                             'A:ARG:131', 'A:ARG:145',                          
                             'A:LYS:121', 'A:GLY:107',                          
                             'A:SER:92', 'A:GLY:16', 'A:GLY:18',                
                             'A:ALA:69', 'A:GLU:128',                           
                             'A:HIS:93', 'A:GLN:43', 'C:GLU:1',                 
                             'A:PRO:105', 'A:GLY:91',                           
                             'A:PRO:57', 'A:GLY:83',                            
                             'A:ARG:170', 'A:VAL:12',                           
                             'A:ASP:137', 'A:ASN:127',                          
                             'A:LYS:68', 'A:ASP:119',                           
                             'A:GLN:155', 'A:GLU:46',                           
                             'A:ASP:106', 'A:TRP:60',                           
                             'A:TYR:85', 'A:ASP:90', 'A:ASN:66',                
                             'A:GLU:154', 'A:ASN:86',                           
                             'A:LYS:144', 'A:SER:4', 'A:ALA:49',                
                             'A:HIS:151', 'A:ARG:17',                           
                             'A:GLU:89', 'A:GLN:141',                           
                             'A:SER:13', 'A:ASP:122'].                          
Subgraph exposed_residues created with success!
                    DEBUG    Found 9 nodes in the chain         subgraphs.py:267
                             subgraph.                                          
                    DEBUG    Creating subgraph from nodes:       subgraphs.py:58
                             ['C:SER:2', 'C:VAL:6', 'C:ASP:3',                  
                             'C:PRO:4', 'C:ILE:5', 'C:ALA:7',                   
                             'C:GLU:1', 'C:GLN:8', 'C:TYR:9'].                  
Subgraph selected_chains created with success!
                    DEBUG    Found 59 nodes in the sequence     subgraphs.py:316
                             position subgraph.                                 
                    DEBUG    Creating subgraph from nodes:       subgraphs.py:58
                             ['A:GLU:63', 'A:GLY:18',                           
                             'A:ALA:149', 'A:ARG:156',                          
                             'A:ALA:69', 'A:ARG:163',                           
                             'A:LYS:146', 'A:GLN:43',                           
                             'A:ALA:152', 'A:GLU:58',                           
                             'A:THR:73', 'A:VAL:158',                           
                             'A:GLU:161', 'A:ARG:169',                          
                             'A:ASP:61', 'A:TYR:159',                           
                             'A:PRO:57', 'A:LYS:44',                            
                             'A:ALA:153', 'A:GLY:83',                           
                             'A:TRP:147', 'A:GLY:167',                          
                             'A:GLN:62', 'A:THR:80',                            
                             'A:ARG:157', 'A:ASP:166',                          
                             'A:ARG:170', 'A:ARG:75',                           
                             'A:LYS:68', 'A:GLN:155',                           
                             'A:GLY:162', 'A:PHE:109',                          
                             'A:SER:71', 'A:ASP:106',                           
                             'A:ILE:142', 'A:GLU:148',                          
                             'A:ALA:76', 'A:TRP:60', 'A:ASN:66',                
                             'A:GLU:154', 'A:ARG:65',                           
                             'A:THR:64', 'A:GLY:79', 'A:GLY:56',                
                             'A:VAL:150', 'A:GLN:72',                           
                             'A:ASN:77', 'A:ARG:108',                           
                             'A:TYR:59', 'A:ARG:131',                           
                             'A:GLN:54', 'A:HIS:70',                            
                             'A:HIS:151', 'A:ARG:17',                           
                             'A:GLU:89', 'A:ARG:145',                           
                             'A:GLU:19', 'A:TYR:84',                            
                             'A:GLU:55'].                                       
Subgraph all_residues created with success!
                    DEBUG    Deprotonating protein. This removes H graphs.py:188
                             atoms from the pdb_df dataframe                    
                    DEBUG    Converting dataframe to centroids.    graphs.py:210
                             This averages XYZ coords of the                    
                             atoms in a residue                                 
                    DEBUG    Calculated 189 centroid nodes         graphs.py:649
                    DEBUG    Detected 189 total nodes              graphs.py:435
                    INFO     Found: 3297 distance edges          distance.py:964
[10/10/24 02:20:22] INFO     Added 3297 distance edges. (0       distance.py:983
                             removed by LIN)                                    

                    DEBUG    Found 130 nodes in the surface     subgraphs.py:516
                             subgraph.                                          
                    DEBUG    Creating subgraph from nodes:       subgraphs.py:58
                             ['A:ALA:125', 'A:ASP:30',                          
                             'C:VAL:6', 'A:VAL:158',                            
                             'A:GLN:115', 'A:ARG:82',                           
                             'A:ALA:139', 'A:PRO:47',                           
                             'A:GLU:177', 'A:ALA:136',                          
                             'A:ARG:157', 'A:ASP:166',                          
                             'A:MET:138', 'A:THR:10',                           
                             'A:ARG:35', 'A:GLY:162',                           
                             'A:PHE:109', 'A:LEU:110',                          
                             'A:SER:38', 'A:SER:88',                            
                             'A:ARG:111', 'C:ILE:5', 'A:ALA:40',                
                             'A:ARG:65', 'A:GLY:79', 'A:PRO:20',                
                             'A:GLN:72', 'A:THR:31', 'A:ILE:23',                
                             'A:PHE:8', 'A:ASP:29', 'A:GLY:56',                 
                             'A:THR:178', 'A:GLU:55',                           
                             'A:ARG:48', 'A:ARG:6', 'A:ARG:21',                 
                             'A:ALA:41', 'A:GLU:58', 'A:HIS:3',                 
                             'A:ARG:169', 'A:LYS:44',                           
                             'A:GLN:62', 'A:THR:80',                            
                             'A:GLU:173', 'A:ALA:135',                          
                             'C:GLN:8', 'A:ARG:75', 'A:ASP:102',                
                             'A:SER:2', 'A:ASP:37', 'A:GLU:148',                
                             'C:PRO:4', 'A:LYS:176', 'A:TYR:27',                
                             'A:GLN:54', 'A:PRO:50', 'A:THR:94',                
                             'A:GLU:19', 'A:TYR:84',                            
                             'A:ALA:149', 'A:ASN:174',                          
                             'A:ARG:163', 'A:GLU:53',                           
                             'A:LYS:146', 'A:ASP:129',                          
                             'A:MET:98', 'A:THR:134',                           
                             'A:THR:73', 'A:GLY:1', 'A:GLU:161',                
                             'A:TYR:113', 'A:ALA:117',                          
                             'A:ASP:61', 'A:GLN:180',                           
                             'A:SER:42', 'A:VAL:25',                            
                             'A:GLY:120', 'A:SER:132',                          
                             'A:GLN:87', 'A:SER:71',                            
                             'A:ILE:142', 'A:GLN:32',                           
                             'A:GLN:96', 'A:ALA:76', 'A:ARG:14',                
                             'A:ASP:39', 'A:VAL:150',                           
                             'A:PRO:15', 'A:ARG:108',                           
                             'A:ARG:131', 'A:ARG:145',                          
                             'A:LYS:121', 'A:GLY:107',                          
                             'A:SER:92', 'A:GLY:16', 'A:GLY:18',                
                             'A:ALA:69', 'A:GLU:128',                           
                             'A:HIS:93', 'A:GLN:43', 'C:GLU:1',                 
                             'A:PRO:105', 'A:GLY:91',                           
                             'A:PRO:57', 'A:GLY:83',                            
                             'A:ARG:170', 'A:VAL:12',                           
                             'A:ASP:137', 'A:ASN:127',                          
                             'A:LYS:68', 'A:ASP:119',                           
                             'A:GLN:155', 'A:GLU:46',                           
                             'A:ASP:106', 'A:TRP:60',                           
                             'A:TYR:85', 'A:ASP:90', 'A:ASN:66',                
                             'A:GLU:154', 'A:ASN:86',                           
                             'A:LYS:144', 'A:SER:4', 'A:ALA:49',                
                             'A:HIS:151', 'A:ARG:17',                           
                             'A:GLU:89', 'A:GLN:141',                           
                             'A:SER:13', 'A:ASP:122'].                          
Subgraph exposed_residues created with success!
                    DEBUG    Found 9 nodes in the chain         subgraphs.py:267
                             subgraph.                                          
                    DEBUG    Creating subgraph from nodes:       subgraphs.py:58
                             ['C:SER:2', 'C:VAL:6', 'C:ASP:3',                  
                             'C:PRO:4', 'C:ILE:5', 'C:ALA:7',                   
                             'C:GLU:1', 'C:GLN:8', 'C:TYR:9'].                  
Subgraph selected_chains created with success!
                    DEBUG    Found 59 nodes in the sequence     subgraphs.py:316
                             position subgraph.                                 
                    DEBUG    Creating subgraph from nodes:       subgraphs.py:58
                             ['A:GLU:63', 'A:GLY:18',                           
                             'A:ALA:149', 'A:ARG:156',                          
                             'A:ALA:69', 'A:ARG:163',                           
                             'A:LYS:146', 'A:GLN:43',                           
                             'A:ALA:152', 'A:GLU:58',                           
                             'A:THR:73', 'A:VAL:158',                           
                             'A:GLU:161', 'A:ARG:169',                          
                             'A:ASP:61', 'A:TYR:159',                           
                             'A:PRO:57', 'A:LYS:44',                            
                             'A:ALA:153', 'A:GLY:83',                           
                             'A:TRP:147', 'A:GLY:167',                          
                             'A:GLN:62', 'A:THR:80',                            
                             'A:ARG:157', 'A:ASP:166',                          
                             'A:ARG:170', 'A:ARG:75',                           
                             'A:LYS:68', 'A:GLN:155',                           
                             'A:GLY:162', 'A:PHE:109',                          
                             'A:SER:71', 'A:ASP:106',                           
                             'A:ILE:142', 'A:GLU:148',                          
                             'A:ALA:76', 'A:TRP:60', 'A:ASN:66',                
                             'A:GLU:154', 'A:ARG:65',                           
                             'A:THR:64', 'A:GLY:79', 'A:GLY:56',                
                             'A:VAL:150', 'A:GLN:72',                           
                             'A:ASN:77', 'A:ARG:108',                           
                             'A:TYR:59', 'A:ARG:131',                           
                             'A:GLN:54', 'A:HIS:70',                            
                             'A:HIS:151', 'A:ARG:17',                           
                             'A:GLU:89', 'A:ARG:145',                           
                             'A:GLU:19', 'A:TYR:84',                            
                             'A:GLU:55'].                                       
Subgraph all_residues created with success!
                    DEBUG    Deprotonating protein. This removes H graphs.py:188
                             atoms from the pdb_df dataframe                    
                    DEBUG    Converting dataframe to centroids.    graphs.py:210
                             This averages XYZ coords of the                    
                             atoms in a residue                                 
                    DEBUG    Calculated 189 centroid nodes         graphs.py:649
                    DEBUG    Detected 189 total nodes              graphs.py:435
                    INFO     Found: 3297 distance edges          distance.py:964
                    INFO     Added 3297 distance edges. (0       distance.py:983
                             removed by LIN)                                    

                    DEBUG    Found 130 nodes in the surface     subgraphs.py:516
                             subgraph.                                          
                    DEBUG    Creating subgraph from nodes:       subgraphs.py:58
                             ['A:ALA:125', 'A:ASP:30',                          
                             'C:VAL:6', 'A:VAL:158',                            
                             'A:GLN:115', 'A:ARG:82',                           
                             'A:ALA:139', 'A:PRO:47',                           
                             'A:GLU:177', 'A:ALA:136',                          
                             'A:ARG:157', 'A:ASP:166',                          
                             'A:MET:138', 'A:THR:10',                           
                             'A:ARG:35', 'A:GLY:162',                           
                             'A:PHE:109', 'A:LEU:110',                          
                             'A:SER:38', 'A:SER:88',                            
                             'A:ARG:111', 'C:ILE:5', 'A:ALA:40',                
                             'A:ARG:65', 'A:GLY:79', 'A:PRO:20',                
                             'A:GLN:72', 'A:THR:31', 'A:ILE:23',                
                             'A:PHE:8', 'A:ASP:29', 'A:GLY:56',                 
                             'A:THR:178', 'A:GLU:55',                           
                             'A:ARG:48', 'A:ARG:6', 'A:ARG:21',                 
                             'A:ALA:41', 'A:GLU:58', 'A:HIS:3',                 
                             'A:ARG:169', 'A:LYS:44',                           
                             'A:GLN:62', 'A:THR:80',                            
                             'A:GLU:173', 'A:ALA:135',                          
                             'C:GLN:8', 'A:ARG:75', 'A:ASP:102',                
                             'A:SER:2', 'A:ASP:37', 'A:GLU:148',                
                             'C:PRO:4', 'A:LYS:176', 'A:TYR:27',                
                             'A:GLN:54', 'A:PRO:50', 'A:THR:94',                
                             'A:GLU:19', 'A:TYR:84',                            
                             'A:ALA:149', 'A:ASN:174',                          
                             'A:ARG:163', 'A:GLU:53',                           
                             'A:LYS:146', 'A:ASP:129',                          
                             'A:MET:98', 'A:THR:134',                           
                             'A:THR:73', 'A:GLY:1', 'A:GLU:161',                
                             'A:TYR:113', 'A:ALA:117',                          
                             'A:ASP:61', 'A:GLN:180',                           
                             'A:SER:42', 'A:VAL:25',                            
                             'A:GLY:120', 'A:SER:132',                          
                             'A:GLN:87', 'A:SER:71',                            
                             'A:ILE:142', 'A:GLN:32',                           
                             'A:GLN:96', 'A:ALA:76', 'A:ARG:14',                
                             'A:ASP:39', 'A:VAL:150',                           
                             'A:PRO:15', 'A:ARG:108',                           
                             'A:ARG:131', 'A:ARG:145',                          
                             'A:LYS:121', 'A:GLY:107',                          
                             'A:SER:92', 'A:GLY:16', 'A:GLY:18',                
                             'A:ALA:69', 'A:GLU:128',                           
                             'A:HIS:93', 'A:GLN:43', 'C:GLU:1',                 
                             'A:PRO:105', 'A:GLY:91',                           
                             'A:PRO:57', 'A:GLY:83',                            
                             'A:ARG:170', 'A:VAL:12',                           
                             'A:ASP:137', 'A:ASN:127',                          
                             'A:LYS:68', 'A:ASP:119',                           
                             'A:GLN:155', 'A:GLU:46',                           
                             'A:ASP:106', 'A:TRP:60',                           
                             'A:TYR:85', 'A:ASP:90', 'A:ASN:66',                
                             'A:GLU:154', 'A:ASN:86',                           
                             'A:LYS:144', 'A:SER:4', 'A:ALA:49',                
                             'A:HIS:151', 'A:ARG:17',                           
                             'A:GLU:89', 'A:GLN:141',                           
                             'A:SER:13', 'A:ASP:122'].                          
Subgraph exposed_residues created with success!
                    DEBUG    Found 9 nodes in the chain         subgraphs.py:267
                             subgraph.                                          
                    DEBUG    Creating subgraph from nodes:       subgraphs.py:58
                             ['C:SER:2', 'C:VAL:6', 'C:ASP:3',                  
                             'C:PRO:4', 'C:ILE:5', 'C:ALA:7',                   
                             'C:GLU:1', 'C:GLN:8', 'C:TYR:9'].                  
Subgraph selected_chains created with success!
                    DEBUG    Found 59 nodes in the sequence     subgraphs.py:316
                             position subgraph.                                 
                    DEBUG    Creating subgraph from nodes:       subgraphs.py:58
                             ['A:GLU:63', 'A:GLY:18',                           
                             'A:ALA:149', 'A:ARG:156',                          
                             'A:ALA:69', 'A:ARG:163',                           
                             'A:LYS:146', 'A:GLN:43',                           
                             'A:ALA:152', 'A:GLU:58',                           
                             'A:THR:73', 'A:VAL:158',                           
                             'A:GLU:161', 'A:ARG:169',                          
                             'A:ASP:61', 'A:TYR:159',                           
                             'A:PRO:57', 'A:LYS:44',                            
                             'A:ALA:153', 'A:GLY:83',                           
                             'A:TRP:147', 'A:GLY:167',                          
                             'A:GLN:62', 'A:THR:80',                            
                             'A:ARG:157', 'A:ASP:166',                          
                             'A:ARG:170', 'A:ARG:75',                           
                             'A:LYS:68', 'A:GLN:155',                           
                             'A:GLY:162', 'A:PHE:109',                          
                             'A:SER:71', 'A:ASP:106',                           
                             'A:ILE:142', 'A:GLU:148',                          
                             'A:ALA:76', 'A:TRP:60', 'A:ASN:66',                
                             'A:GLU:154', 'A:ARG:65',                           
                             'A:THR:64', 'A:GLY:79', 'A:GLY:56',                
                             'A:VAL:150', 'A:GLN:72',                           
                             'A:ASN:77', 'A:ARG:108',                           
                             'A:TYR:59', 'A:ARG:131',                           
                             'A:GLN:54', 'A:HIS:70',                            
                             'A:HIS:151', 'A:ARG:17',                           
                             'A:GLU:89', 'A:ARG:145',                           
                             'A:GLU:19', 'A:TYR:84',                            
                             'A:GLU:55'].                                       
Subgraph all_residues created with success!
                    DEBUG    Deprotonating protein. This removes H graphs.py:188
                             atoms from the pdb_df dataframe                    
                    DEBUG    Converting dataframe to centroids.    graphs.py:210
                             This averages XYZ coords of the                    
                             atoms in a residue                                 
                    DEBUG    Calculated 189 centroid nodes         graphs.py:649
                    DEBUG    Detected 189 total nodes              graphs.py:435
                    INFO     Found: 3297 distance edges          distance.py:964
                    INFO     Added 3297 distance edges. (0       distance.py:983
                             removed by LIN)                                    

                    DEBUG    Found 130 nodes in the surface     subgraphs.py:516
                             subgraph.                                          
                    DEBUG    Creating subgraph from nodes:       subgraphs.py:58
                             ['A:ALA:125', 'A:ASP:30',                          
                             'C:VAL:6', 'A:VAL:158',                            
                             'A:GLN:115', 'A:ARG:82',                           
                             'A:ALA:139', 'A:PRO:47',                           
                             'A:GLU:177', 'A:ALA:136',                          
                             'A:ARG:157', 'A:ASP:166',                          
                             'A:MET:138', 'A:THR:10',                           
                             'A:ARG:35', 'A:GLY:162',                           
                             'A:PHE:109', 'A:LEU:110',                          
                             'A:SER:38', 'A:SER:88',                            
                             'A:ARG:111', 'C:ILE:5', 'A:ALA:40',                
                             'A:ARG:65', 'A:GLY:79', 'A:PRO:20',                
                             'A:GLN:72', 'A:THR:31', 'A:ILE:23',                
                             'A:PHE:8', 'A:ASP:29', 'A:GLY:56',                 
                             'A:THR:178', 'A:GLU:55',                           
                             'A:ARG:48', 'A:ARG:6', 'A:ARG:21',                 
                             'A:ALA:41', 'A:GLU:58', 'A:HIS:3',                 
                             'A:ARG:169', 'A:LYS:44',                           
                             'A:GLN:62', 'A:THR:80',                            
                             'A:GLU:173', 'A:ALA:135',                          
                             'C:GLN:8', 'A:ARG:75', 'A:ASP:102',                
                             'A:SER:2', 'A:ASP:37', 'A:GLU:148',                
                             'C:PRO:4', 'A:LYS:176', 'A:TYR:27',                
                             'A:GLN:54', 'A:PRO:50', 'A:THR:94',                
                             'A:GLU:19', 'A:TYR:84',                            
                             'A:ALA:149', 'A:ASN:174',                          
                             'A:ARG:163', 'A:GLU:53',                           
                             'A:LYS:146', 'A:ASP:129',                          
                             'A:MET:98', 'A:THR:134',                           
                             'A:THR:73', 'A:GLY:1', 'A:GLU:161',                
                             'A:TYR:113', 'A:ALA:117',                          
                             'A:ASP:61', 'A:GLN:180',                           
                             'A:SER:42', 'A:VAL:25',                            
                             'A:GLY:120', 'A:SER:132',                          
                             'A:GLN:87', 'A:SER:71',                            
                             'A:ILE:142', 'A:GLN:32',                           
                             'A:GLN:96', 'A:ALA:76', 'A:ARG:14',                
                             'A:ASP:39', 'A:VAL:150',                           
                             'A:PRO:15', 'A:ARG:108',                           
                             'A:ARG:131', 'A:ARG:145',                          
                             'A:LYS:121', 'A:GLY:107',                          
                             'A:SER:92', 'A:GLY:16', 'A:GLY:18',                
                             'A:ALA:69', 'A:GLU:128',                           
                             'A:HIS:93', 'A:GLN:43', 'C:GLU:1',                 
                             'A:PRO:105', 'A:GLY:91',                           
                             'A:PRO:57', 'A:GLY:83',                            
                             'A:ARG:170', 'A:VAL:12',                           
                             'A:ASP:137', 'A:ASN:127',                          
                             'A:LYS:68', 'A:ASP:119',                           
                             'A:GLN:155', 'A:GLU:46',                           
                             'A:ASP:106', 'A:TRP:60',                           
                             'A:TYR:85', 'A:ASP:90', 'A:ASN:66',                
                             'A:GLU:154', 'A:ASN:86',                           
                             'A:LYS:144', 'A:SER:4', 'A:ALA:49',                
                             'A:HIS:151', 'A:ARG:17',                           
                             'A:GLU:89', 'A:GLN:141',                           
                             'A:SER:13', 'A:ASP:122'].                          
Subgraph exposed_residues created with success!
                    DEBUG    Found 9 nodes in the chain         subgraphs.py:267
                             subgraph.                                          
                    DEBUG    Creating subgraph from nodes:       subgraphs.py:58
                             ['C:SER:2', 'C:VAL:6', 'C:ASP:3',                  
                             'C:PRO:4', 'C:ILE:5', 'C:ALA:7',                   
                             'C:GLU:1', 'C:GLN:8', 'C:TYR:9'].                  
Subgraph selected_chains created with success!
                    DEBUG    Found 59 nodes in the sequence     subgraphs.py:316
                             position subgraph.                                 
                    DEBUG    Creating subgraph from nodes:       subgraphs.py:58
                             ['A:GLU:63', 'A:GLY:18',                           
                             'A:ALA:149', 'A:ARG:156',                          
                             'A:ALA:69', 'A:ARG:163',                           
                             'A:LYS:146', 'A:GLN:43',                           
                             'A:ALA:152', 'A:GLU:58',                           
                             'A:THR:73', 'A:VAL:158',                           
                             'A:GLU:161', 'A:ARG:169',                          
                             'A:ASP:61', 'A:TYR:159',                           
                             'A:PRO:57', 'A:LYS:44',                            
                             'A:ALA:153', 'A:GLY:83',                           
                             'A:TRP:147', 'A:GLY:167',                          
                             'A:GLN:62', 'A:THR:80',                            
                             'A:ARG:157', 'A:ASP:166',                          
                             'A:ARG:170', 'A:ARG:75',                           
                             'A:LYS:68', 'A:GLN:155',                           
                             'A:GLY:162', 'A:PHE:109',                          
                             'A:SER:71', 'A:ASP:106',                           
                             'A:ILE:142', 'A:GLU:148',                          
                             'A:ALA:76', 'A:TRP:60', 'A:ASN:66',                
                             'A:GLU:154', 'A:ARG:65',                           
                             'A:THR:64', 'A:GLY:79', 'A:GLY:56',                
                             'A:VAL:150', 'A:GLN:72',                           
                             'A:ASN:77', 'A:ARG:108',                           
                             'A:TYR:59', 'A:ARG:131',                           
                             'A:GLN:54', 'A:HIS:70',                            
                             'A:HIS:151', 'A:ARG:17',                           
                             'A:GLU:89', 'A:ARG:145',                           
                             'A:GLU:19', 'A:TYR:84',                            
                             'A:GLU:55'].                                       
Subgraph all_residues created with success!
Vou iniciar o produto cartesiano
DEBUG:CRSProtein:Total Lenght Graphs: 424
INFO:CRSProtein:Creating filtered contact maps and full residue maps...
INFO:CRSProtein:Filtered contact maps and full residue maps created with success!
INFO:CRSProtein:Creating the Neighbors Vector...
No duplicated node_ids found.
No duplicated node_ids found.
No duplicated node_ids found.
No duplicated node_ids found.
No duplicated node_ids found.
No duplicated node_ids found.
No duplicated node_ids found.
No duplicated node_ids found.
INFO:CRSProtein:Neighbors vector created with success!
INFO:CRSProtein:Creating nighbors similarity matrix...
INFO:CRSProtein:Neighbors similarity matrix created with success!
INFO:CRSProtein:Identity: Creating associated nodes matrix...
INFO:CRSProtein:Identity: Associated nodes matrix created with success!
INFO:CRSProtein:Making all possible nodes
DEBUG:CRSProtein:0/53 Making the cartesian product
DEBUG:CRSProtein:0/53 Cartesian product finalized
DEBUG:CRSProtein:1/53 Making the cartesian product
DEBUG:CRSProtein:1/53 Cartesian product finalized
DEBUG:CRSProtein:2/53 Making the cartesian product
DEBUG:CRSProtein:2/53 Cartesian product finalized
DEBUG:CRSProtein:3/53 Making the cartesian product
DEBUG:CRSProtein:3/53 Cartesian product finalized
DEBUG:CRSProtein:4/53 Making the cartesian product
DEBUG:CRSProtein:4/53 Cartesian product finalized
DEBUG:CRSProtein:5/53 Making the cartesian product
DEBUG:CRSProtein:5/53 Cartesian product finalized
DEBUG:CRSProtein:6/53 Making the cartesian product
DEBUG:CRSProtein:6/53 Cartesian product finalized
DEBUG:CRSProtein:7/53 Making the cartesian product
DEBUG:CRSProtein:7/53 Cartesian product finalized
DEBUG:CRSProtein:8/53 Making the cartesian product
DEBUG:CRSProtein:8/53 Cartesian product finalized
DEBUG:CRSProtein:9/53 Making the cartesian product
DEBUG:CRSProtein:9/53 Cartesian product finalized
DEBUG:CRSProtein:10/53 Making the cartesian product
DEBUG:CRSProtein:10/53 Cartesian product finalized
DEBUG:CRSProtein:11/53 Making the cartesian product
DEBUG:CRSProtein:11/53 Cartesian product finalized
DEBUG:CRSProtein:12/53 Making the cartesian product
DEBUG:CRSProtein:12/53 Cartesian product finalized
DEBUG:CRSProtein:13/53 Making the cartesian product
DEBUG:CRSProtein:13/53 Cartesian product finalized
DEBUG:CRSProtein:14/53 Making the cartesian product
DEBUG:CRSProtein:14/53 Cartesian product finalized
DEBUG:CRSProtein:15/53 Making the cartesian product
DEBUG:CRSProtein:15/53 Cartesian product finalized
DEBUG:CRSProtein:16/53 Making the cartesian product
DEBUG:CRSProtein:16/53 Cartesian product finalized
DEBUG:CRSProtein:17/53 Making the cartesian product
DEBUG:CRSProtein:17/53 Cartesian product finalized
DEBUG:CRSProtein:18/53 Making the cartesian product
DEBUG:CRSProtein:18/53 Cartesian product finalized
DEBUG:CRSProtein:19/53 Making the cartesian product
DEBUG:CRSProtein:19/53 Cartesian product finalized
DEBUG:CRSProtein:20/53 Making the cartesian product
DEBUG:CRSProtein:20/53 Cartesian product finalized
DEBUG:CRSProtein:21/53 Making the cartesian product
DEBUG:CRSProtein:21/53 Cartesian product finalized
DEBUG:CRSProtein:22/53 Making the cartesian product
DEBUG:CRSProtein:22/53 Cartesian product finalized
DEBUG:CRSProtein:23/53 Making the cartesian product
DEBUG:CRSProtein:23/53 Cartesian product finalized
DEBUG:CRSProtein:24/53 Making the cartesian product
DEBUG:CRSProtein:24/53 Cartesian product finalized
DEBUG:CRSProtein:25/53 Making the cartesian product
DEBUG:CRSProtein:25/53 Cartesian product finalized
DEBUG:CRSProtein:26/53 Making the cartesian product
DEBUG:CRSProtein:26/53 Cartesian product finalized
DEBUG:CRSProtein:27/53 Making the cartesian product
DEBUG:CRSProtein:27/53 Cartesian product finalized
DEBUG:CRSProtein:28/53 Making the cartesian product
DEBUG:CRSProtein:28/53 Cartesian product finalized
DEBUG:CRSProtein:29/53 Making the cartesian product
DEBUG:CRSProtein:29/53 Cartesian product finalized
DEBUG:CRSProtein:30/53 Making the cartesian product
DEBUG:CRSProtein:30/53 Cartesian product finalized
DEBUG:CRSProtein:31/53 Making the cartesian product
DEBUG:CRSProtein:31/53 Cartesian product finalized
DEBUG:CRSProtein:32/53 Making the cartesian product
DEBUG:CRSProtein:32/53 Cartesian product finalized
DEBUG:CRSProtein:33/53 Making the cartesian product
DEBUG:CRSProtein:33/53 Cartesian product finalized
DEBUG:CRSProtein:34/53 Making the cartesian product
DEBUG:CRSProtein:34/53 Cartesian product finalized
DEBUG:CRSProtein:35/53 Making the cartesian product
DEBUG:CRSProtein:35/53 Cartesian product finalized
DEBUG:CRSProtein:36/53 Making the cartesian product
DEBUG:CRSProtein:36/53 Cartesian product finalized
DEBUG:CRSProtein:37/53 Making the cartesian product
DEBUG:CRSProtein:37/53 Cartesian product finalized
DEBUG:CRSProtein:38/53 Making the cartesian product
DEBUG:CRSProtein:38/53 Cartesian product finalized
DEBUG:CRSProtein:39/53 Making the cartesian product
DEBUG:CRSProtein:39/53 Cartesian product finalized
DEBUG:CRSProtein:40/53 Making the cartesian product
DEBUG:CRSProtein:40/53 Cartesian product finalized
DEBUG:CRSProtein:41/53 Making the cartesian product
DEBUG:CRSProtein:41/53 Cartesian product finalized
DEBUG:CRSProtein:42/53 Making the cartesian product
DEBUG:CRSProtein:42/53 Cartesian product finalized
DEBUG:CRSProtein:43/53 Making the cartesian product
DEBUG:CRSProtein:43/53 Cartesian product finalized
DEBUG:CRSProtein:44/53 Making the cartesian product
DEBUG:CRSProtein:44/53 Cartesian product finalized
DEBUG:CRSProtein:45/53 Making the cartesian product
DEBUG:CRSProtein:45/53 Cartesian product finalized
DEBUG:CRSProtein:46/53 Making the cartesian product
DEBUG:CRSProtein:46/53 Cartesian product finalized
DEBUG:CRSProtein:47/53 Making the cartesian product
DEBUG:CRSProtein:47/53 Cartesian product finalized
DEBUG:CRSProtein:48/53 Making the cartesian product
DEBUG:CRSProtein:48/53 Cartesian product finalized
DEBUG:CRSProtein:49/53 Making the cartesian product
DEBUG:CRSProtein:49/53 Cartesian product finalized
DEBUG:CRSProtein:50/53 Making the cartesian product
DEBUG:CRSProtein:50/53 Cartesian product finalized
DEBUG:CRSProtein:51/53 Making the cartesian product
DEBUG:CRSProtein:51/53 Cartesian product finalized
DEBUG:CRSProtein:52/53 Making the cartesian product
DEBUG:CRSProtein:52/53 Cartesian product finalized
/home/carlos23001/anaconda3/envs/ic_bioinfo/lib/python3.8/site-packages/graphein/protein/graphs.py:641: FutureWarning: The default value of numeric_only in DataFrameGroupBy.mean is deprecated. In a future version, numeric_only will default to False. Either specify numeric_only or select only columns which should be valid for the function.
  atoms.groupby(
/home/carlos23001/anaconda3/envs/ic_bioinfo/lib/python3.8/site-packages/graphein/protein/graphs.py:641: FutureWarning: The default value of numeric_only in DataFrameGroupBy.mean is deprecated. In a future version, numeric_only will default to False. Either specify numeric_only or select only columns which should be valid for the function.
  atoms.groupby(
/home/carlos23001/anaconda3/envs/ic_bioinfo/lib/python3.8/site-packages/graphein/protein/graphs.py:641: FutureWarning: The default value of numeric_only in DataFrameGroupBy.mean is deprecated. In a future version, numeric_only will default to False. Either specify numeric_only or select only columns which should be valid for the function.
  atoms.groupby(
/home/carlos23001/anaconda3/envs/ic_bioinfo/lib/python3.8/site-packages/graphein/protein/graphs.py:641: FutureWarning: The default value of numeric_only in DataFrameGroupBy.mean is deprecated. In a future version, numeric_only will default to False. Either specify numeric_only or select only columns which should be valid for the function.
  atoms.groupby(
/home/carlos23001/anaconda3/envs/ic_bioinfo/lib/python3.8/site-packages/graphein/protein/graphs.py:641: FutureWarning: The default value of numeric_only in DataFrameGroupBy.mean is deprecated. In a future version, numeric_only will default to False. Either specify numeric_only or select only columns which should be valid for the function.
  atoms.groupby(
/home/carlos23001/anaconda3/envs/ic_bioinfo/lib/python3.8/site-packages/graphein/protein/graphs.py:641: FutureWarning: The default value of numeric_only in DataFrameGroupBy.mean is deprecated. In a future version, numeric_only will default to False. Either specify numeric_only or select only columns which should be valid for the function.
  atoms.groupby(
/home/carlos23001/anaconda3/envs/ic_bioinfo/lib/python3.8/site-packages/graphein/protein/graphs.py:641: FutureWarning: The default value of numeric_only in DataFrameGroupBy.mean is deprecated. In a future version, numeric_only will default to False. Either specify numeric_only or select only columns which should be valid for the function.
  atoms.groupby(
/home/carlos23001/anaconda3/envs/ic_bioinfo/lib/python3.8/site-packages/graphein/protein/graphs.py:641: FutureWarning: The default value of numeric_only in DataFrameGroupBy.mean is deprecated. In a future version, numeric_only will default to False. Either specify numeric_only or select only columns which should be valid for the function.
  atoms.groupby(
/home/carlos23001/IC/pMHC_graph/utils/tools.py:1071: RuntimeWarning: divide by zero encountered in divide
  mult = 1 / (np.array(adj) * np.array(dist_m))
/home/carlos23001/IC/pMHC_graph/utils/tools.py:1071: RuntimeWarning: divide by zero encountered in divide
  mult = 1 / (np.array(adj) * np.array(dist_m))
/home/carlos23001/IC/pMHC_graph/utils/tools.py:1071: RuntimeWarning: divide by zero encountered in divide
  mult = 1 / (np.array(adj) * np.array(dist_m))
/home/carlos23001/IC/pMHC_graph/utils/tools.py:1071: RuntimeWarning: divide by zero encountered in divide
  mult = 1 / (np.array(adj) * np.array(dist_m))
/home/carlos23001/IC/pMHC_graph/utils/tools.py:1071: RuntimeWarning: divide by zero encountered in divide
  mult = 1 / (np.array(adj) * np.array(dist_m))
/home/carlos23001/IC/pMHC_graph/utils/tools.py:1071: RuntimeWarning: divide by zero encountered in divide
  mult = 1 / (np.array(adj) * np.array(dist_m))
/home/carlos23001/IC/pMHC_graph/utils/tools.py:1071: RuntimeWarning: divide by zero encountered in divide
  mult = 1 / (np.array(adj) * np.array(dist_m))
/home/carlos23001/IC/pMHC_graph/utils/tools.py:1071: RuntimeWarning: divide by zero encountered in divide
  mult = 1 / (np.array(adj) * np.array(dist_m))
Traceback (most recent call last):
  File "main.py", line 218, in <module>
    main()
  File "main.py", line 199, in main
    G = AssociatedGraph(graphs=graphs, output_path=output_path, path_full_subgraph=path_full_subgraph, association_mode=args.association_mode, run_name= args.run_name, centroid_threshold=centroid_threshold, neighbor_similarity_cutoff=neighbor_similarity_cutoff, rsa_similarity_threshold=rsa_similarity_threshold)
  File "/home/carlos23001/IC/pMHC_graph/graph/graph.py", line 34, in __init__
    self.associated_graph = self._construct_graph(self.graphs, self.association_mode, self.centroid_threshold, self.neighbor_similarity_cutoff, self.rsa_similarity_threshold )
  File "/home/carlos23001/IC/pMHC_graph/graph/graph.py", line 88, in _construct_graph
    associated_graph = self._gen_associated_graph(graphsList = contact_residues_maps_sorted, association_mode = association_mode, centroid_threshold = centroid_threshold, neighbor_similarity_cutoff= neighbor_similarity_cutoff, rsa_similarity_threshold = rsa_similarity_threshold)
  File "/home/carlos23001/IC/pMHC_graph/graph/graph.py", line 68, in _gen_associated_graph
    M = association_product(graphs, association_mode = association_mode, nodes_graphs = nodes_graphs, contact_maps = contact_maps, residue_maps_all = residue_maps_all, centroid_threshold = centroid_threshold, neighbor_similarity_cutoff = neighbor_similarity_cutoff, rsa_similarity_threshold=rsa_similarity_threshold)
  File "/home/carlos23001/IC/pMHC_graph/utils/tools.py", line 495, in association_product
    edges = generate_edges(nodes=all_possible_nodes, distance_matrix=distance_matrix, residue_maps_unique=residue_maps_unique)
  File "/home/carlos23001/IC/pMHC_graph/utils/tools.py", line 190, in generate_edges
    filtered_edges = filtered_combinations(nodes, distance_matrix)
  File "/home/carlos23001/IC/pMHC_graph/utils/tools.py", line 211, in filtered_combinations
    idx_i, idx_j = cp.triu_indices(len_nodes, k=1)
  File "/home/carlos23001/anaconda3/envs/ic_bioinfo/lib/python3.8/site-packages/cupy/_indexing/generate.py", line 561, in triu_indices
    return tuple(cupy.broadcast_to(inds, tri_.shape)[tri_]
  File "/home/carlos23001/anaconda3/envs/ic_bioinfo/lib/python3.8/site-packages/cupy/_indexing/generate.py", line 561, in <genexpr>
    return tuple(cupy.broadcast_to(inds, tri_.shape)[tri_]
  File "cupy/_core/core.pyx", line 1521, in cupy._core.core._ndarray_base.__getitem__
  File "cupy/_core/_routines_indexing.pyx", line 40, in cupy._core._routines_indexing._ndarray_getitem
  File "cupy/_core/_routines_indexing.pyx", line 770, in cupy._core._routines_indexing._getitem_mask_single
  File "cupy/_core/core.pyx", line 132, in cupy._core.core.ndarray.__new__
  File "cupy/_core/core.pyx", line 220, in cupy._core.core._ndarray_base._init
  File "cupy/cuda/memory.pyx", line 740, in cupy.cuda.memory.alloc
  File "cupy/cuda/memory.pyx", line 1426, in cupy.cuda.memory.MemoryPool.malloc
  File "cupy/cuda/memory.pyx", line 1447, in cupy.cuda.memory.MemoryPool.malloc
  File "cupy/cuda/memory.pyx", line 1118, in cupy.cuda.memory.SingleDeviceMemoryPool.malloc
  File "cupy/cuda/memory.pyx", line 1139, in cupy.cuda.memory.SingleDeviceMemoryPool._malloc
  File "cupy/cuda/memory.pyx", line 1384, in cupy.cuda.memory.SingleDeviceMemoryPool._try_malloc
  File "cupy/cuda/memory.pyx", line 1387, in cupy.cuda.memory.SingleDeviceMemoryPool._try_malloc
cupy.cuda.memory.OutOfMemoryError: Out of memory allocating 3,894,384,128 bytes (allocated so far: 24,342,274,560 bytes).
