CPUs disponíveis: 8
Threads OpenMP: 8
[10/10/24 01:24:28] WARNING  To use the Graphein submodule      embeddings.py:45
                             graphein.protein.features.sequence                 
                             .embeddings, you need to install:                  
                             biovec                                             
                             biovec cannot be installed via                     
                             conda                                              
                             Alternatively, you can install                     
                             graphein with the extras:                          
                                                                                
                             pip install graphein[extras]                       
                    WARNING  To use the Graphein submodule   visualisation.py:36
                             graphein.protein.visualisation,                    
                             you need to install: pytorch3d                     
                             To do so, use the following                        
                             command: conda install -c                          
                             pytorch3d pytorch3d                                
                    WARNING  To use the Graphein submodule          meshes.py:30
                             graphein.protein.meshes, you need to               
                             install: pytorch3d                                 
                             To do so, use the following command:               
                             conda install -c pytorch3d pytorch3d               
Usando 8 threads OpenMP.
                    DEBUG    Deprotonating protein. This removes H graphs.py:188
                             atoms from the pdb_df dataframe                    
                    DEBUG    Converting dataframe to centroids.    graphs.py:210
                             This averages XYZ coords of the                    
                             atoms in a residue                                 
                    DEBUG    Calculated 189 centroid nodes         graphs.py:649
                    DEBUG    Detected 189 total nodes              graphs.py:435
                    DEBUG    Reading meiler embeddings from:    amino_acid.py:58
                             /home/carlos23001/anaconda3/envs/i                 
                             c_bioinfo/lib/python3.8/site-packa                 
                             ges/graphein/protein/features/node                 
                             s/meiler_embeddings.csv                            
                    INFO     Found: 3297 distance edges          distance.py:964
                    INFO     Added 3297 distance edges. (0       distance.py:983
                             removed by LIN)                                    

                    DEBUG    Found 130 nodes in the surface     subgraphs.py:516
                             subgraph.                                          
                    DEBUG    Creating subgraph from nodes:       subgraphs.py:58
                             ['A:ARG:82', 'A:ARG:131',                          
                             'A:GLN:43', 'A:ALA:139',                           
                             'A:GLY:18', 'A:GLU:55',                            
                             'A:THR:134', 'A:ARG:65',                           
                             'A:ASP:90', 'A:LEU:110',                           
                             'A:ASP:119', 'A:ALA:125',                          
                             'A:PRO:47', 'A:SER:38', 'A:THR:31',                
                             'A:THR:94', 'A:GLU:58',                            
                             'A:GLY:120', 'A:GLN:62',                           
                             'A:VAL:158', 'A:ALA:136',                          
                             'A:ARG:111', 'A:LYS:44',                           
                             'A:MET:138', 'A:LYS:146',                          
                             'A:ASP:129', 'A:ARG:21',                           
                             'A:GLN:72', 'A:LYS:68',                            
                             'A:ASP:102', 'A:LYS:121',                          
                             'A:GLY:16', 'A:HIS:93', 'C:ILE:5',                 
                             'A:HIS:151', 'A:GLU:53',                           
                             'A:TYR:85', 'A:ILE:23', 'A:SER:92',                
                             'A:ALA:149', 'A:PRO:57',                           
                             'A:THR:80', 'A:GLN:96',                            
                             'A:ASP:137', 'A:SER:71',                           
                             'A:VAL:25', 'A:PHE:109',                           
                             'A:GLU:128', 'A:THR:178',                          
                             'A:ARG:6', 'A:GLU:154', 'A:HIS:3',                 
                             'A:GLN:54', 'A:ALA:69', 'A:GLU:89',                
                             'A:ASP:61', 'A:TYR:84',                            
                             'A:ILE:142', 'A:PRO:50',                           
                             'A:GLY:107', 'A:ASN:174',                          
                             'A:TRP:60', 'A:ARG:108',                           
                             'A:ALA:49', 'A:GLN:141',                           
                             'A:GLU:19', 'A:ALA:41', 'A:SER:13',                
                             'A:TYR:113', 'A:GLN:32',                           
                             'A:GLU:177', 'A:ARG:17',                           
                             'A:VAL:12', 'A:ARG:75', 'A:ASP:29',                
                             'A:GLU:148', 'C:VAL:6', 'A:TYR:27',                
                             'A:THR:10', 'A:ARG:145',                           
                             'A:GLU:161', 'A:GLY:162',                          
                             'A:SER:2', 'A:LYS:176',                            
                             'A:ASP:166', 'A:GLN:180',                          
                             'A:ARG:35', 'A:GLY:79',                            
                             'A:ARG:163', 'C:PRO:4',                            
                             'A:ASP:106', 'A:SER:4', 'C:GLN:8',                 
                             'A:PRO:15', 'A:SER:88',                            
                             'A:ARG:157', 'A:ALA:117',                          
                             'A:SER:42', 'C:GLU:1', 'A:GLN:87',                 
                             'A:ALA:40', 'A:ASN:127',                           
                             'A:ARG:14', 'A:ASP:30', 'A:PHE:8',                 
                             'A:ARG:48', 'A:GLU:46',                            
                             'A:GLN:115', 'A:GLY:91',                           
                             'A:THR:73', 'A:ASN:86', 'A:ASP:39',                
                             'A:ARG:170', 'A:SER:132',                          
                             'A:MET:98', 'A:GLN:155',                           
                             'A:ASP:122', 'A:ALA:135',                          
                             'A:LYS:144', 'A:GLY:83',                           
                             'A:PRO:20', 'A:GLY:56',                            
                             'A:GLU:173', 'A:ARG:169',                          
                             'A:GLY:1', 'A:VAL:150', 'A:ASP:37',                
                             'A:ASN:66', 'A:ALA:76',                            
                             'A:PRO:105'].                                      
Subgraph exposed_residues created with success!
                    DEBUG    Found 9 nodes in the chain         subgraphs.py:267
                             subgraph.                                          
                    DEBUG    Creating subgraph from nodes:       subgraphs.py:58
                             ['C:ILE:5', 'C:GLU:1', 'C:TYR:9',                  
                             'C:ASP:3', 'C:ALA:7', 'C:GLN:8',                   
                             'C:VAL:6', 'C:PRO:4', 'C:SER:2'].                  
Subgraph selected_chains created with success!
                    DEBUG    Found 59 nodes in the sequence     subgraphs.py:316
                             position subgraph.                                 
                    DEBUG    Creating subgraph from nodes:       subgraphs.py:58
                             ['A:HIS:151', 'A:ARG:75',                          
                             'A:ARG:131', 'A:ALA:149',                          
                             'A:GLN:43', 'A:GLU:148',                           
                             'A:GLY:18', 'A:PRO:57', 'A:THR:80',                
                             'A:SER:71', 'A:GLU:55',                            
                             'A:TYR:159', 'A:HIS:70',                           
                             'A:ARG:65', 'A:ALA:76',                            
                             'A:ARG:145', 'A:GLU:161',                          
                             'A:PHE:109', 'A:TRP:147',                          
                             'A:GLY:162', 'A:ASP:166',                          
                             'A:TYR:59', 'A:THR:64',                            
                             'A:GLU:154', 'A:GLN:54',                           
                             'A:ALA:69', 'A:THR:73', 'A:GLU:89',                
                             'A:ASP:61', 'A:ASN:77', 'A:GLY:79',                
                             'A:ARG:156', 'A:ARG:170',                          
                             'A:ARG:163', 'A:TYR:84',                           
                             'A:ILE:142', 'A:GLN:155',                          
                             'A:GLY:167', 'A:GLU:58',                           
                             'A:GLN:62', 'A:VAL:158',                           
                             'A:TRP:60', 'A:ARG:108',                           
                             'A:LYS:44', 'A:GLY:83',                            
                             'A:LYS:146', 'A:GLU:19',                           
                             'A:ASP:106', 'A:ALA:152',                          
                             'A:GLY:56', 'A:ARG:169',                           
                             'A:GLN:72', 'A:VAL:150',                           
                             'A:LYS:68', 'A:ASN:66', 'A:GLU:63',                
                             'A:ALA:153', 'A:ARG:157',                          
                             'A:ARG:17'].                                       
Subgraph all_residues created with success!
Vou iniciar o produto cartesiano
DEBUG:CRSProtein:Total Lenght Graphs: 53
INFO:CRSProtein:Creating filtered contact maps and full residue maps...
INFO:CRSProtein:Filtered contact maps and full residue maps created with success!
INFO:CRSProtein:Creating the Neighbors Vector...
No duplicated node_ids found.
INFO:CRSProtein:Neighbors vector created with success!
INFO:CRSProtein:Creating nighbors similarity matrix...
INFO:CRSProtein:Neighbors similarity matrix created with success!
INFO:CRSProtein:Identity: Creating associated nodes matrix...
INFO:CRSProtein:Identity: Associated nodes matrix created with success!
INFO:CRSProtein:Making all possible nodes
DEBUG:CRSProtein:0/53 Making the cartesian product
DEBUG:CRSProtein:0/53 Cartesian product finalized
DEBUG:CRSProtein:1/53 Making the cartesian product
DEBUG:CRSProtein:1/53 Cartesian product finalized
DEBUG:CRSProtein:2/53 Making the cartesian product
DEBUG:CRSProtein:2/53 Cartesian product finalized
DEBUG:CRSProtein:3/53 Making the cartesian product
DEBUG:CRSProtein:3/53 Cartesian product finalized
DEBUG:CRSProtein:4/53 Making the cartesian product
DEBUG:CRSProtein:4/53 Cartesian product finalized
DEBUG:CRSProtein:5/53 Making the cartesian product
DEBUG:CRSProtein:5/53 Cartesian product finalized
DEBUG:CRSProtein:6/53 Making the cartesian product
DEBUG:CRSProtein:6/53 Cartesian product finalized
DEBUG:CRSProtein:7/53 Making the cartesian product
DEBUG:CRSProtein:7/53 Cartesian product finalized
DEBUG:CRSProtein:8/53 Making the cartesian product
DEBUG:CRSProtein:8/53 Cartesian product finalized
DEBUG:CRSProtein:9/53 Making the cartesian product
DEBUG:CRSProtein:9/53 Cartesian product finalized
DEBUG:CRSProtein:10/53 Making the cartesian product
DEBUG:CRSProtein:10/53 Cartesian product finalized
DEBUG:CRSProtein:11/53 Making the cartesian product
DEBUG:CRSProtein:11/53 Cartesian product finalized
DEBUG:CRSProtein:12/53 Making the cartesian product
DEBUG:CRSProtein:12/53 Cartesian product finalized
DEBUG:CRSProtein:13/53 Making the cartesian product
DEBUG:CRSProtein:13/53 Cartesian product finalized
DEBUG:CRSProtein:14/53 Making the cartesian product
DEBUG:CRSProtein:14/53 Cartesian product finalized
DEBUG:CRSProtein:15/53 Making the cartesian product
DEBUG:CRSProtein:15/53 Cartesian product finalized
DEBUG:CRSProtein:16/53 Making the cartesian product
DEBUG:CRSProtein:16/53 Cartesian product finalized
DEBUG:CRSProtein:17/53 Making the cartesian product
DEBUG:CRSProtein:17/53 Cartesian product finalized
DEBUG:CRSProtein:18/53 Making the cartesian product
DEBUG:CRSProtein:18/53 Cartesian product finalized
DEBUG:CRSProtein:19/53 Making the cartesian product
DEBUG:CRSProtein:19/53 Cartesian product finalized
DEBUG:CRSProtein:20/53 Making the cartesian product
DEBUG:CRSProtein:20/53 Cartesian product finalized
DEBUG:CRSProtein:21/53 Making the cartesian product
DEBUG:CRSProtein:21/53 Cartesian product finalized
DEBUG:CRSProtein:22/53 Making the cartesian product
DEBUG:CRSProtein:22/53 Cartesian product finalized
DEBUG:CRSProtein:23/53 Making the cartesian product
DEBUG:CRSProtein:23/53 Cartesian product finalized
DEBUG:CRSProtein:24/53 Making the cartesian product
DEBUG:CRSProtein:24/53 Cartesian product finalized
DEBUG:CRSProtein:25/53 Making the cartesian product
DEBUG:CRSProtein:25/53 Cartesian product finalized
DEBUG:CRSProtein:26/53 Making the cartesian product
DEBUG:CRSProtein:26/53 Cartesian product finalized
DEBUG:CRSProtein:27/53 Making the cartesian product
DEBUG:CRSProtein:27/53 Cartesian product finalized
DEBUG:CRSProtein:28/53 Making the cartesian product
DEBUG:CRSProtein:28/53 Cartesian product finalized
DEBUG:CRSProtein:29/53 Making the cartesian product
DEBUG:CRSProtein:29/53 Cartesian product finalized
DEBUG:CRSProtein:30/53 Making the cartesian product
DEBUG:CRSProtein:30/53 Cartesian product finalized
DEBUG:CRSProtein:31/53 Making the cartesian product
DEBUG:CRSProtein:31/53 Cartesian product finalized
DEBUG:CRSProtein:32/53 Making the cartesian product
DEBUG:CRSProtein:32/53 Cartesian product finalized
DEBUG:CRSProtein:33/53 Making the cartesian product
DEBUG:CRSProtein:33/53 Cartesian product finalized
DEBUG:CRSProtein:34/53 Making the cartesian product
DEBUG:CRSProtein:34/53 Cartesian product finalized
DEBUG:CRSProtein:35/53 Making the cartesian product
DEBUG:CRSProtein:35/53 Cartesian product finalized
DEBUG:CRSProtein:36/53 Making the cartesian product
DEBUG:CRSProtein:36/53 Cartesian product finalized
DEBUG:CRSProtein:37/53 Making the cartesian product
DEBUG:CRSProtein:37/53 Cartesian product finalized
DEBUG:CRSProtein:38/53 Making the cartesian product
DEBUG:CRSProtein:38/53 Cartesian product finalized
DEBUG:CRSProtein:39/53 Making the cartesian product
DEBUG:CRSProtein:39/53 Cartesian product finalized
DEBUG:CRSProtein:40/53 Making the cartesian product
DEBUG:CRSProtein:40/53 Cartesian product finalized
DEBUG:CRSProtein:41/53 Making the cartesian product
DEBUG:CRSProtein:41/53 Cartesian product finalized
DEBUG:CRSProtein:42/53 Making the cartesian product
DEBUG:CRSProtein:42/53 Cartesian product finalized
DEBUG:CRSProtein:43/53 Making the cartesian product
DEBUG:CRSProtein:43/53 Cartesian product finalized
DEBUG:CRSProtein:44/53 Making the cartesian product
DEBUG:CRSProtein:44/53 Cartesian product finalized
DEBUG:CRSProtein:45/53 Making the cartesian product
DEBUG:CRSProtein:45/53 Cartesian product finalized
DEBUG:CRSProtein:46/53 Making the cartesian product
DEBUG:CRSProtein:46/53 Cartesian product finalized
DEBUG:CRSProtein:47/53 Making the cartesian product
DEBUG:CRSProtein:47/53 Cartesian product finalized
DEBUG:CRSProtein:48/53 Making the cartesian product
DEBUG:CRSProtein:48/53 Cartesian product finalized
DEBUG:CRSProtein:49/53 Making the cartesian product
DEBUG:CRSProtein:49/53 Cartesian product finalized
DEBUG:CRSProtein:50/53 Making the cartesian product
DEBUG:CRSProtein:50/53 Cartesian product finalized
DEBUG:CRSProtein:51/53 Making the cartesian product
DEBUG:CRSProtein:51/53 Cartesian product finalized
DEBUG:CRSProtein:52/53 Making the cartesian product
DEBUG:CRSProtein:52/53 Cartesian product finalized
INFO:CRSProtein:Making combinations with filtering....
Progress: 0/53, Elapsed time: 0.00 seconds
INFO:CRSProtein:Filtered combinations successfully made! Found 174 valid edges.
/home/carlos23001/anaconda3/envs/ic_bioinfo/lib/python3.8/site-packages/graphein/protein/graphs.py:641: FutureWarning: The default value of numeric_only in DataFrameGroupBy.mean is deprecated. In a future version, numeric_only will default to False. Either specify numeric_only or select only columns which should be valid for the function.
  atoms.groupby(
/home/carlos23001/IC/pMHC_graph/utils/tools.py:1022: RuntimeWarning: divide by zero encountered in divide
  mult = 1 / (np.array(adj) * np.array(dist_m))
[(('A:HIS:151',), ('A:ALA:149',)), (('A:HIS:151',), ('A:GLU:148',)), (('C:ILE:5',), ('C:VAL:6',)), (('A:ALA:149',), ('A:GLU:148',)), (('A:HIS:151',), ('A:GLU:154',)), (('A:HIS:151',), ('A:GLN:155',)), (('A:HIS:151',), ('A:VAL:150',)), (('A:HIS:151',), ('A:ARG:157',)), (('A:ARG:75',), ('A:SER:71',)), (('A:GLN:43',), ('A:LYS:44',)), (('A:GLN:43',), ('A:LYS:68',)), (('A:ARG:131',), ('A:GLU:154',)), (('A:GLU:148',), ('A:ARG:145',)), (('C:GLU:1',), ('A:GLU:55',)), (('A:ARG:131',), ('A:ARG:157',)), (('A:THR:80',), ('A:ALA:76',)), (('A:THR:80',), ('A:THR:73',)), (('A:THR:80',), ('A:GLY:79',)), (('A:THR:80',), ('A:TYR:84',)), (('A:THR:80',), ('A:ILE:142',)), (('A:GLY:18',), ('A:GLU:19',)), (('A:GLY:18',), ('A:ARG:17',)), (('A:ALA:149',), ('A:ARG:145',)), (('C:ILE:5',), ('A:ALA:69',)), (('A:PRO:57',), ('A:GLU:55',)), (('A:PRO:57',), ('A:ASP:61',)), (('A:PRO:57',), ('A:GLU:58',)), (('A:PRO:57',), ('A:GLN:62',)), (('A:PRO:57',), ('A:TRP:60',)), (('A:PRO:57',), ('A:GLY:56',)), (('A:ARG:75',), ('A:ALA:76',)), (('A:SER:71',), ('C:VAL:6',)), (('A:SER:71',), ('A:ALA:69',)), (('A:SER:71',), ('A:THR:73',)), (('A:SER:71',), ('A:GLU:19',)), (('A:SER:71',), ('A:GLN:72',)), (('A:SER:71',), ('A:LYS:68',)), (('A:SER:71',), ('A:ASN:66',)), (('C:VAL:6',), ('A:ALA:76',)), (('A:GLU:55',), ('A:GLN:54',)), (('A:GLU:55',), ('A:ARG:170',)), (('A:GLU:55',), ('A:GLU:58',)), (('A:GLU:55',), ('A:GLN:62',)), (('A:GLU:55',), ('A:TRP:60',)), (('A:GLU:55',), ('A:GLY:56',)), (('C:ILE:5',), ('A:ARG:163',)), (('C:ILE:5',), ('A:GLN:155',)), (('C:ILE:5',), ('A:VAL:158',)), (('C:ILE:5',), ('C:PRO:4',)), (('C:VAL:6',), ('A:ALA:69',)), (('C:VAL:6',), ('A:THR:73',)), (('C:VAL:6',), ('C:PRO:4',)), (('C:VAL:6',), ('A:GLN:72',)), (('C:VAL:6',), ('C:GLN:8',)), (('C:VAL:6',), ('A:ASN:66',)), (('A:ALA:149',), ('A:LYS:146',)), (('A:ALA:149',), ('A:VAL:150',)), (('A:GLU:148',), ('A:LYS:146',)), (('A:ARG:65',), ('A:ALA:69',)), (('A:ARG:65',), ('A:ASP:61',)), (('A:ARG:65',), ('A:GLN:62',)), (('A:ARG:65',), ('A:TRP:60',)), (('A:ARG:65',), ('C:PRO:4',)), (('A:ARG:65',), ('A:LYS:44',)), (('A:ARG:65',), ('A:LYS:68',)), (('A:ARG:65',), ('A:ASN:66',)), (('A:PHE:109',), ('A:GLU:161',)), (('A:PHE:109',), ('A:GLY:162',)), (('A:THR:80',), ('A:GLY:83',)), (('A:THR:80',), ('C:GLN:8',)), (('A:GLU:161',), ('A:GLY:162',)), (('A:GLU:161',), ('A:ASP:166',)), (('A:ALA:76',), ('A:THR:73',)), (('A:ALA:76',), ('A:GLY:79',)), (('C:ILE:5',), ('A:VAL:150',)), (('A:ARG:145',), ('A:ILE:142',)), (('A:ARG:145',), ('A:LYS:146',)), (('A:GLY:162',), ('A:ASP:166',)), (('A:PHE:109',), ('A:ARG:108',)), (('A:PHE:109',), ('A:ASP:106',)), (('A:ASP:166',), ('A:ARG:170',)), (('A:ASP:166',), ('A:ARG:163',)), (('A:ASP:166',), ('A:ARG:169',)), (('A:ARG:75',), ('A:THR:73',)), (('A:ARG:75',), ('A:GLY:79',)), (('A:GLU:154',), ('A:GLN:155',)), (('A:GLU:154',), ('A:VAL:158',)), (('A:GLU:154',), ('A:VAL:150',)), (('A:GLU:154',), ('A:ARG:157',)), (('A:GLN:54',), ('A:GLY:56',)), (('A:ALA:69',), ('A:THR:73',)), (('A:ALA:69',), ('C:PRO:4',)), (('A:ALA:69',), ('A:GLN:72',)), (('A:ALA:69',), ('A:LYS:68',)), (('A:GLY:162',), ('A:ARG:163',)), (('A:GLY:162',), ('A:VAL:158',)), (('A:ALA:69',), ('A:ASN:66',)), (('A:GLU:148',), ('A:VAL:150',)), (('C:ILE:5',), ('A:ASN:66',)), (('C:GLU:1',), ('A:GLY:162',)), (('C:GLU:1',), ('A:ASP:166',)), (('A:GLU:89',), ('A:GLY:79',)), (('A:GLU:89',), ('A:ARG:17',)), (('A:ALA:76',), ('A:GLN:72',)), (('A:ALA:76',), ('C:GLN:8',)), (('A:ARG:170',), ('A:ARG:169',)), (('A:GLY:79',), ('A:TYR:84',)), (('A:THR:73',), ('A:GLN:72',)), (('A:THR:73',), ('A:LYS:68',)), (('A:THR:73',), ('C:GLN:8',)), (('A:TYR:84',), ('A:ILE:142',)), (('A:GLY:79',), ('A:GLY:83',)), (('A:GLU:161',), ('A:VAL:158',)), (('A:GLU:161',), ('A:ARG:157',)), (('A:GLN:155',), ('A:VAL:158',)), (('A:GLN:155',), ('C:PRO:4',)), (('A:GLY:162',), ('A:ARG:157',)), (('A:GLU:58',), ('A:GLN:62',)), (('A:GLU:58',), ('A:TRP:60',)), (('A:ASP:61',), ('A:GLU:58',)), (('A:ASP:61',), ('A:GLN:62',)), (('A:ASP:61',), ('A:TRP:60',)), (('A:ASP:61',), ('A:LYS:44',)), (('A:ASP:61',), ('A:GLY:56',)), (('A:ASP:61',), ('A:ASN:66',)), (('A:GLN:62',), ('A:TRP:60',)), (('A:GLN:62',), ('C:PRO:4',)), (('A:ARG:163',), ('A:VAL:158',)), (('A:ARG:163',), ('C:PRO:4',)), (('A:ILE:142',), ('A:LYS:146',)), (('C:GLU:1',), ('A:ARG:170',)), (('C:GLU:1',), ('A:ARG:163',)), (('A:VAL:158',), ('A:ARG:157',)), (('A:TRP:60',), ('A:LYS:44',)), (('A:TRP:60',), ('A:GLY:56',)), (('A:ARG:108',), ('A:ASP:106',)), (('A:ARG:108',), ('A:ARG:169',)), (('C:GLU:1',), ('A:GLN:62',)), (('C:GLU:1',), ('C:PRO:4',)), (('C:GLU:1',), ('A:ASN:66',)), (('A:LYS:146',), ('A:VAL:150',)), (('A:LYS:146',), ('C:GLN:8',)), (('A:TYR:84',), ('A:GLY:83',)), (('A:GLN:62',), ('A:ASN:66',)), (('A:GLN:72',), ('A:LYS:68',)), (('A:ARG:75',), ('A:GLU:19',)), (('A:ARG:75',), ('A:GLN:72',)), (('A:GLU:19',), ('A:GLN:72',)), (('A:LYS:44',), ('A:LYS:68',)), (('A:GLU:19',), ('A:ARG:17',)), (('A:VAL:150',), ('C:GLN:8',)), (('A:VAL:150',), ('C:GLN:8',)), (('A:LYS:68',), ('A:ASN:66',)), (('A:VAL:150',), ('C:GLN:8',)), (('A:LYS:68',), ('A:ASN:66',)), (('A:GLU:58',), ('A:GLY:56',)), (('A:VAL:150',), ('C:GLN:8',)), (('A:LYS:68',), ('A:ASN:66',)), (('A:GLU:58',), ('A:GLY:56',)), (('C:PRO:4',), ('A:ASN:66',)), (('A:VAL:150',), ('C:GLN:8',)), (('A:LYS:68',), ('A:ASN:66',)), (('A:GLU:58',), ('A:GLY:56',)), (('C:PRO:4',), ('A:ASN:66',)), (('A:VAL:150',), ('C:GLN:8',)), (('A:LYS:68',), ('A:ASN:66',)), (('A:GLU:58',), ('A:GLY:56',)), (('C:PRO:4',), ('A:ASN:66',)), (('A:VAL:150',), ('C:GLN:8',)), (('A:LYS:68',), ('A:ASN:66',)), (('A:GLU:58',), ('A:GLY:56',)), (('C:PRO:4',), ('A:ASN:66',)), (('A:GLN:155',), ('A:VAL:150',)), (('A:GLN:155',), ('A:ARG:157',))]
('A:HIS:151',)
Traceback (most recent call last):
  File "main.py", line 217, in <module>
    main()
  File "main.py", line 199, in main
    G = AssociatedGraph(graphs=graphs, output_path=output_path, path_full_subgraph=path_full_subgraph, association_mode=args.association_mode, run_name= args.run_name, centroid_threshold=centroid_threshold, neighbor_similarity_cutoff=neighbor_similarity_cutoff, rsa_similarity_threshold=rsa_similarity_threshold)
  File "/home/carlos23001/IC/pMHC_graph/graph/graph.py", line 34, in __init__
    self.associated_graph = self._construct_graph(self.graphs, self.association_mode, self.centroid_threshold, self.neighbor_similarity_cutoff, self.rsa_similarity_threshold )
  File "/home/carlos23001/IC/pMHC_graph/graph/graph.py", line 88, in _construct_graph
    associated_graph = self._gen_associated_graph(graphsList = contact_residues_maps_sorted, association_mode = association_mode, centroid_threshold = centroid_threshold, neighbor_similarity_cutoff= neighbor_similarity_cutoff, rsa_similarity_threshold = rsa_similarity_threshold)
  File "/home/carlos23001/IC/pMHC_graph/graph/graph.py", line 68, in _gen_associated_graph
    M = association_product(graphs, association_mode = association_mode, nodes_graphs = nodes_graphs, contact_maps = contact_maps, residue_maps_all = residue_maps_all, centroid_threshold = centroid_threshold, neighbor_similarity_cutoff = neighbor_similarity_cutoff, rsa_similarity_threshold=rsa_similarity_threshold)
  File "/home/carlos23001/IC/pMHC_graph/utils/tools.py", line 457, in association_product
    if nodes[0].startswith('A') and nodes[1].startswith('A'):
IndexError: tuple index out of range
