CPUs disponíveis: 8
Threads OpenMP: 1
[10/10/24 01:39:00] WARNING  To use the Graphein submodule      embeddings.py:45
                             graphein.protein.features.sequence                 
                             .embeddings, you need to install:                  
                             biovec                                             
                             biovec cannot be installed via                     
                             conda                                              
                             Alternatively, you can install                     
                             graphein with the extras:                          
                                                                                
                             pip install graphein[extras]                       
                    WARNING  To use the Graphein submodule   visualisation.py:36
                             graphein.protein.visualisation,                    
                             you need to install: pytorch3d                     
                             To do so, use the following                        
                             command: conda install -c                          
                             pytorch3d pytorch3d                                
                    WARNING  To use the Graphein submodule          meshes.py:30
                             graphein.protein.meshes, you need to               
                             install: pytorch3d                                 
                             To do so, use the following command:               
                             conda install -c pytorch3d pytorch3d               
Usando 1 threads OpenMP.
                    DEBUG    Deprotonating protein. This removes H graphs.py:188
                             atoms from the pdb_df dataframe                    
                    DEBUG    Converting dataframe to centroids.    graphs.py:210
                             This averages XYZ coords of the                    
                             atoms in a residue                                 
                    DEBUG    Calculated 189 centroid nodes         graphs.py:649
                    DEBUG    Detected 189 total nodes              graphs.py:435
                    DEBUG    Reading meiler embeddings from:    amino_acid.py:58
                             /home/carlos23001/anaconda3/envs/i                 
                             c_bioinfo/lib/python3.8/site-packa                 
                             ges/graphein/protein/features/node                 
                             s/meiler_embeddings.csv                            
                    INFO     Found: 3297 distance edges          distance.py:964
                    INFO     Added 3297 distance edges. (0       distance.py:983
                             removed by LIN)                                    

                    DEBUG    Found 130 nodes in the surface     subgraphs.py:516
                             subgraph.                                          
                    DEBUG    Creating subgraph from nodes:       subgraphs.py:58
                             ['A:GLN:141', 'C:GLU:1',                           
                             'A:ARG:17', 'A:ASP:102',                           
                             'A:GLU:128', 'A:ASP:137',                          
                             'A:ARG:163', 'A:TYR:113',                          
                             'A:PHE:109', 'A:PRO:57',                           
                             'A:VAL:158', 'A:ARG:48',                           
                             'A:TRP:60', 'A:GLU:46', 'A:ALA:49',                
                             'A:PRO:47', 'A:ARG:108',                           
                             'A:ALA:117', 'A:GLU:161',                          
                             'A:TYR:84', 'A:SER:13', 'A:SER:71',                
                             'A:LYS:68', 'A:LYS:176',                           
                             'A:ASP:122', 'A:ARG:145',                          
                             'A:ASN:174', 'C:ILE:5', 'A:GLY:79',                
                             'A:GLN:96', 'A:ALA:69',                            
                             'A:GLU:154', 'A:ASP:90',                           
                             'A:LEU:110', 'A:ARG:21',                           
                             'A:MET:98', 'A:GLY:18', 'A:SER:2',                 
                             'A:THR:73', 'A:LYS:44',                            
                             'A:GLN:180', 'A:ARG:14',                           
                             'A:ARG:131', 'A:HIS:93',                           
                             'A:ASP:106', 'A:ALA:135',                          
                             'A:GLN:54', 'A:GLN:72',                            
                             'A:ARG:111', 'A:GLY:120',                          
                             'A:MET:138', 'A:TYR:85',                           
                             'A:PRO:20', 'C:PRO:4', 'A:THR:178',                
                             'A:SER:92', 'A:ALA:139',                           
                             'A:GLU:58', 'A:GLY:1', 'A:PRO:105',                
                             'A:GLN:155', 'A:THR:10',                           
                             'A:ARG:75', 'A:SER:132', 'A:HIS:3',                
                             'A:ASP:30', 'A:ASN:127',                           
                             'A:GLU:173', 'A:GLN:32',                           
                             'A:GLN:62', 'A:VAL:150',                           
                             'A:ARG:35', 'A:GLN:115',                           
                             'A:GLY:16', 'A:SER:38',                            
                             'A:ASP:119', 'A:LYS:121',                          
                             'A:ASP:39', 'A:GLN:87', 'A:PHE:8',                 
                             'A:ILE:142', 'A:GLU:53',                           
                             'A:ALA:40', 'A:GLY:83', 'A:THR:94',                
                             'C:GLN:8', 'A:ALA:125',                            
                             'A:ARG:169', 'A:ASN:86', 'A:SER:4',                
                             'A:GLN:43', 'A:GLU:19', 'A:VAL:12',                
                             'A:SER:88', 'A:ALA:41', 'A:THR:31',                
                             'A:VAL:25', 'A:ARG:65',                            
                             'A:THR:134', 'C:VAL:6', 'A:TYR:27',                
                             'A:ARG:6', 'A:THR:80', 'A:ARG:170',                
                             'A:GLU:177', 'A:PRO:50',                           
                             'A:GLY:56', 'A:PRO:15', 'A:GLY:91',                
                             'A:ASP:166', 'A:ALA:136',                          
                             'A:LYS:146', 'A:LYS:144',                          
                             'A:ASP:129', 'A:ASP:37',                           
                             'A:ILE:23', 'A:GLU:148',                           
                             'A:ASN:66', 'A:ARG:157',                           
                             'A:ARG:82', 'A:ASP:29',                            
                             'A:ALA:149', 'A:ASP:61',                           
                             'A:ALA:76', 'A:GLU:89',                            
                             'A:HIS:151', 'A:GLU:55',                           
                             'A:SER:42', 'A:GLY:107',                           
                             'A:GLY:162'].                                      
Subgraph exposed_residues created with success!
                    DEBUG    Found 9 nodes in the chain         subgraphs.py:267
                             subgraph.                                          
                    DEBUG    Creating subgraph from nodes:       subgraphs.py:58
                             ['C:GLU:1', 'C:ALA:7', 'C:ILE:5',                  
                             'C:PRO:4', 'C:GLN:8', 'C:TYR:9',                   
                             'C:SER:2', 'C:ASP:3', 'C:VAL:6'].                  
Subgraph selected_chains created with success!
                    DEBUG    Found 59 nodes in the sequence     subgraphs.py:316
                             position subgraph.                                 
                    DEBUG    Creating subgraph from nodes:       subgraphs.py:58
                             ['A:ARG:156', 'A:ALA:153',                         
                             'A:ARG:17', 'A:GLU:19', 'A:GLY:18',                
                             'A:GLN:155', 'A:ARG:75',                           
                             'A:TYR:59', 'A:ARG:163',                           
                             'A:PHE:109', 'A:THR:73',                           
                             'A:LYS:44', 'A:ARG:65', 'A:PRO:57',                
                             'A:VAL:158', 'A:GLU:63',                           
                             'A:ARG:131', 'A:TRP:60',                           
                             'A:THR:80', 'A:ASP:106',                           
                             'A:GLN:62', 'A:VAL:150',                           
                             'A:ALA:152', 'A:ARG:108',                          
                             'A:GLN:54', 'A:ARG:170',                           
                             'A:GLY:56', 'A:GLU:161',                           
                             'A:GLU:154', 'A:TYR:84',                           
                             'A:ASP:166', 'A:THR:64',                           
                             'A:GLN:72', 'A:LYS:146',                           
                             'A:SER:71', 'A:ASN:77', 'A:LYS:68',                
                             'A:HIS:70', 'A:GLU:148',                           
                             'A:ILE:142', 'A:ASN:66',                           
                             'A:ARG:157', 'A:TRP:147',                          
                             'A:ARG:145', 'A:ALA:149',                          
                             'A:GLY:79', 'A:ASP:61',                            
                             'A:GLY:167', 'A:ALA:76',                           
                             'A:GLY:83', 'A:GLU:89',                            
                             'A:HIS:151', 'A:GLU:55',                           
                             'A:TYR:159', 'A:ALA:69',                           
                             'A:ARG:169', 'A:GLU:58',                           
                             'A:GLY:162', 'A:GLN:43'].                          
Subgraph all_residues created with success!
                    DEBUG    Deprotonating protein. This removes H graphs.py:188
                             atoms from the pdb_df dataframe                    
                    DEBUG    Converting dataframe to centroids.    graphs.py:210
                             This averages XYZ coords of the                    
                             atoms in a residue                                 
                    DEBUG    Calculated 189 centroid nodes         graphs.py:649
                    DEBUG    Detected 189 total nodes              graphs.py:435
                    INFO     Found: 3297 distance edges          distance.py:964
                    INFO     Added 3297 distance edges. (0       distance.py:983
                             removed by LIN)                                    

                    DEBUG    Found 130 nodes in the surface     subgraphs.py:516
                             subgraph.                                          
                    DEBUG    Creating subgraph from nodes:       subgraphs.py:58
                             ['A:GLN:141', 'C:GLU:1',                           
                             'A:ARG:17', 'A:ASP:102',                           
                             'A:GLU:128', 'A:ASP:137',                          
                             'A:ARG:163', 'A:TYR:113',                          
                             'A:PHE:109', 'A:PRO:57',                           
                             'A:VAL:158', 'A:ARG:48',                           
                             'A:TRP:60', 'A:GLU:46', 'A:ALA:49',                
                             'A:PRO:47', 'A:ARG:108',                           
                             'A:ALA:117', 'A:GLU:161',                          
                             'A:TYR:84', 'A:SER:13', 'A:SER:71',                
                             'A:LYS:68', 'A:LYS:176',                           
                             'A:ASP:122', 'A:ARG:145',                          
                             'A:ASN:174', 'C:ILE:5', 'A:GLY:79',                
                             'A:GLN:96', 'A:ALA:69',                            
                             'A:GLU:154', 'A:ASP:90',                           
                             'A:LEU:110', 'A:ARG:21',                           
                             'A:MET:98', 'A:GLY:18', 'A:SER:2',                 
                             'A:THR:73', 'A:LYS:44',                            
                             'A:GLN:180', 'A:ARG:14',                           
                             'A:ARG:131', 'A:HIS:93',                           
                             'A:ASP:106', 'A:ALA:135',                          
                             'A:GLN:54', 'A:GLN:72',                            
                             'A:ARG:111', 'A:GLY:120',                          
                             'A:MET:138', 'A:TYR:85',                           
                             'A:PRO:20', 'C:PRO:4', 'A:THR:178',                
                             'A:SER:92', 'A:ALA:139',                           
                             'A:GLU:58', 'A:GLY:1', 'A:PRO:105',                
                             'A:GLN:155', 'A:THR:10',                           
                             'A:ARG:75', 'A:SER:132', 'A:HIS:3',                
                             'A:ASP:30', 'A:ASN:127',                           
                             'A:GLU:173', 'A:GLN:32',                           
                             'A:GLN:62', 'A:VAL:150',                           
                             'A:ARG:35', 'A:GLN:115',                           
                             'A:GLY:16', 'A:SER:38',                            
                             'A:ASP:119', 'A:LYS:121',                          
                             'A:ASP:39', 'A:GLN:87', 'A:PHE:8',                 
                             'A:ILE:142', 'A:GLU:53',                           
                             'A:ALA:40', 'A:GLY:83', 'A:THR:94',                
                             'C:GLN:8', 'A:ALA:125',                            
                             'A:ARG:169', 'A:ASN:86', 'A:SER:4',                
                             'A:GLN:43', 'A:GLU:19', 'A:VAL:12',                
                             'A:SER:88', 'A:ALA:41', 'A:THR:31',                
                             'A:VAL:25', 'A:ARG:65',                            
                             'A:THR:134', 'C:VAL:6', 'A:TYR:27',                
                             'A:ARG:6', 'A:THR:80', 'A:ARG:170',                
                             'A:GLU:177', 'A:PRO:50',                           
                             'A:GLY:56', 'A:PRO:15', 'A:GLY:91',                
                             'A:ASP:166', 'A:ALA:136',                          
                             'A:LYS:146', 'A:LYS:144',                          
                             'A:ASP:129', 'A:ASP:37',                           
                             'A:ILE:23', 'A:GLU:148',                           
                             'A:ASN:66', 'A:ARG:157',                           
                             'A:ARG:82', 'A:ASP:29',                            
                             'A:ALA:149', 'A:ASP:61',                           
                             'A:ALA:76', 'A:GLU:89',                            
                             'A:HIS:151', 'A:GLU:55',                           
                             'A:SER:42', 'A:GLY:107',                           
                             'A:GLY:162'].                                      
Subgraph exposed_residues created with success!
                    DEBUG    Found 9 nodes in the chain         subgraphs.py:267
                             subgraph.                                          
                    DEBUG    Creating subgraph from nodes:       subgraphs.py:58
                             ['C:GLU:1', 'C:ALA:7', 'C:ILE:5',                  
                             'C:PRO:4', 'C:GLN:8', 'C:TYR:9',                   
                             'C:SER:2', 'C:ASP:3', 'C:VAL:6'].                  
Subgraph selected_chains created with success!
                    DEBUG    Found 59 nodes in the sequence     subgraphs.py:316
                             position subgraph.                                 
                    DEBUG    Creating subgraph from nodes:       subgraphs.py:58
                             ['A:ARG:156', 'A:ALA:153',                         
                             'A:ARG:17', 'A:GLU:19', 'A:GLY:18',                
                             'A:GLN:155', 'A:ARG:75',                           
                             'A:TYR:59', 'A:ARG:163',                           
                             'A:PHE:109', 'A:THR:73',                           
                             'A:LYS:44', 'A:ARG:65', 'A:PRO:57',                
                             'A:VAL:158', 'A:GLU:63',                           
                             'A:ARG:131', 'A:TRP:60',                           
                             'A:THR:80', 'A:ASP:106',                           
                             'A:GLN:62', 'A:VAL:150',                           
                             'A:ALA:152', 'A:ARG:108',                          
                             'A:GLN:54', 'A:ARG:170',                           
                             'A:GLY:56', 'A:GLU:161',                           
                             'A:GLU:154', 'A:TYR:84',                           
                             'A:ASP:166', 'A:THR:64',                           
                             'A:GLN:72', 'A:LYS:146',                           
                             'A:SER:71', 'A:ASN:77', 'A:LYS:68',                
                             'A:HIS:70', 'A:GLU:148',                           
                             'A:ILE:142', 'A:ASN:66',                           
                             'A:ARG:157', 'A:TRP:147',                          
                             'A:ARG:145', 'A:ALA:149',                          
                             'A:GLY:79', 'A:ASP:61',                            
                             'A:GLY:167', 'A:ALA:76',                           
                             'A:GLY:83', 'A:GLU:89',                            
                             'A:HIS:151', 'A:GLU:55',                           
                             'A:TYR:159', 'A:ALA:69',                           
                             'A:ARG:169', 'A:GLU:58',                           
                             'A:GLY:162', 'A:GLN:43'].                          
Subgraph all_residues created with success!
                    DEBUG    Deprotonating protein. This removes H graphs.py:188
                             atoms from the pdb_df dataframe                    
                    DEBUG    Converting dataframe to centroids.    graphs.py:210
                             This averages XYZ coords of the                    
                             atoms in a residue                                 
                    DEBUG    Calculated 189 centroid nodes         graphs.py:649
                    DEBUG    Detected 189 total nodes              graphs.py:435
                    INFO     Found: 3297 distance edges          distance.py:964
[10/10/24 01:39:01] INFO     Added 3297 distance edges. (0       distance.py:983
                             removed by LIN)                                    

                    DEBUG    Found 130 nodes in the surface     subgraphs.py:516
                             subgraph.                                          
                    DEBUG    Creating subgraph from nodes:       subgraphs.py:58
                             ['A:GLN:141', 'C:GLU:1',                           
                             'A:ARG:17', 'A:ASP:102',                           
                             'A:GLU:128', 'A:ASP:137',                          
                             'A:ARG:163', 'A:TYR:113',                          
                             'A:PHE:109', 'A:PRO:57',                           
                             'A:VAL:158', 'A:ARG:48',                           
                             'A:TRP:60', 'A:GLU:46', 'A:ALA:49',                
                             'A:PRO:47', 'A:ARG:108',                           
                             'A:ALA:117', 'A:GLU:161',                          
                             'A:TYR:84', 'A:SER:13', 'A:SER:71',                
                             'A:LYS:68', 'A:LYS:176',                           
                             'A:ASP:122', 'A:ARG:145',                          
                             'A:ASN:174', 'C:ILE:5', 'A:GLY:79',                
                             'A:GLN:96', 'A:ALA:69',                            
                             'A:GLU:154', 'A:ASP:90',                           
                             'A:LEU:110', 'A:ARG:21',                           
                             'A:MET:98', 'A:GLY:18', 'A:SER:2',                 
                             'A:THR:73', 'A:LYS:44',                            
                             'A:GLN:180', 'A:ARG:14',                           
                             'A:ARG:131', 'A:HIS:93',                           
                             'A:ASP:106', 'A:ALA:135',                          
                             'A:GLN:54', 'A:GLN:72',                            
                             'A:ARG:111', 'A:GLY:120',                          
                             'A:MET:138', 'A:TYR:85',                           
                             'A:PRO:20', 'C:PRO:4', 'A:THR:178',                
                             'A:SER:92', 'A:ALA:139',                           
                             'A:GLU:58', 'A:GLY:1', 'A:PRO:105',                
                             'A:GLN:155', 'A:THR:10',                           
                             'A:ARG:75', 'A:SER:132', 'A:HIS:3',                
                             'A:ASP:30', 'A:ASN:127',                           
                             'A:GLU:173', 'A:GLN:32',                           
                             'A:GLN:62', 'A:VAL:150',                           
                             'A:ARG:35', 'A:GLN:115',                           
                             'A:GLY:16', 'A:SER:38',                            
                             'A:ASP:119', 'A:LYS:121',                          
                             'A:ASP:39', 'A:GLN:87', 'A:PHE:8',                 
                             'A:ILE:142', 'A:GLU:53',                           
                             'A:ALA:40', 'A:GLY:83', 'A:THR:94',                
                             'C:GLN:8', 'A:ALA:125',                            
                             'A:ARG:169', 'A:ASN:86', 'A:SER:4',                
                             'A:GLN:43', 'A:GLU:19', 'A:VAL:12',                
                             'A:SER:88', 'A:ALA:41', 'A:THR:31',                
                             'A:VAL:25', 'A:ARG:65',                            
                             'A:THR:134', 'C:VAL:6', 'A:TYR:27',                
                             'A:ARG:6', 'A:THR:80', 'A:ARG:170',                
                             'A:GLU:177', 'A:PRO:50',                           
                             'A:GLY:56', 'A:PRO:15', 'A:GLY:91',                
                             'A:ASP:166', 'A:ALA:136',                          
                             'A:LYS:146', 'A:LYS:144',                          
                             'A:ASP:129', 'A:ASP:37',                           
                             'A:ILE:23', 'A:GLU:148',                           
                             'A:ASN:66', 'A:ARG:157',                           
                             'A:ARG:82', 'A:ASP:29',                            
                             'A:ALA:149', 'A:ASP:61',                           
                             'A:ALA:76', 'A:GLU:89',                            
                             'A:HIS:151', 'A:GLU:55',                           
                             'A:SER:42', 'A:GLY:107',                           
                             'A:GLY:162'].                                      
Subgraph exposed_residues created with success!
                    DEBUG    Found 9 nodes in the chain         subgraphs.py:267
                             subgraph.                                          
                    DEBUG    Creating subgraph from nodes:       subgraphs.py:58
                             ['C:GLU:1', 'C:ALA:7', 'C:ILE:5',                  
                             'C:PRO:4', 'C:GLN:8', 'C:TYR:9',                   
                             'C:SER:2', 'C:ASP:3', 'C:VAL:6'].                  
Subgraph selected_chains created with success!
                    DEBUG    Found 59 nodes in the sequence     subgraphs.py:316
                             position subgraph.                                 
                    DEBUG    Creating subgraph from nodes:       subgraphs.py:58
                             ['A:ARG:156', 'A:ALA:153',                         
                             'A:ARG:17', 'A:GLU:19', 'A:GLY:18',                
                             'A:GLN:155', 'A:ARG:75',                           
                             'A:TYR:59', 'A:ARG:163',                           
                             'A:PHE:109', 'A:THR:73',                           
                             'A:LYS:44', 'A:ARG:65', 'A:PRO:57',                
                             'A:VAL:158', 'A:GLU:63',                           
                             'A:ARG:131', 'A:TRP:60',                           
                             'A:THR:80', 'A:ASP:106',                           
                             'A:GLN:62', 'A:VAL:150',                           
                             'A:ALA:152', 'A:ARG:108',                          
                             'A:GLN:54', 'A:ARG:170',                           
                             'A:GLY:56', 'A:GLU:161',                           
                             'A:GLU:154', 'A:TYR:84',                           
                             'A:ASP:166', 'A:THR:64',                           
                             'A:GLN:72', 'A:LYS:146',                           
                             'A:SER:71', 'A:ASN:77', 'A:LYS:68',                
                             'A:HIS:70', 'A:GLU:148',                           
                             'A:ILE:142', 'A:ASN:66',                           
                             'A:ARG:157', 'A:TRP:147',                          
                             'A:ARG:145', 'A:ALA:149',                          
                             'A:GLY:79', 'A:ASP:61',                            
                             'A:GLY:167', 'A:ALA:76',                           
                             'A:GLY:83', 'A:GLU:89',                            
                             'A:HIS:151', 'A:GLU:55',                           
                             'A:TYR:159', 'A:ALA:69',                           
                             'A:ARG:169', 'A:GLU:58',                           
                             'A:GLY:162', 'A:GLN:43'].                          
Subgraph all_residues created with success!
                    DEBUG    Deprotonating protein. This removes H graphs.py:188
                             atoms from the pdb_df dataframe                    
                    DEBUG    Converting dataframe to centroids.    graphs.py:210
                             This averages XYZ coords of the                    
                             atoms in a residue                                 
                    DEBUG    Calculated 189 centroid nodes         graphs.py:649
                    DEBUG    Detected 189 total nodes              graphs.py:435
                    INFO     Found: 3297 distance edges          distance.py:964
                    INFO     Added 3297 distance edges. (0       distance.py:983
                             removed by LIN)                                    

                    DEBUG    Found 130 nodes in the surface     subgraphs.py:516
                             subgraph.                                          
                    DEBUG    Creating subgraph from nodes:       subgraphs.py:58
                             ['A:GLN:141', 'C:GLU:1',                           
                             'A:ARG:17', 'A:ASP:102',                           
                             'A:GLU:128', 'A:ASP:137',                          
                             'A:ARG:163', 'A:TYR:113',                          
                             'A:PHE:109', 'A:PRO:57',                           
                             'A:VAL:158', 'A:ARG:48',                           
                             'A:TRP:60', 'A:GLU:46', 'A:ALA:49',                
                             'A:PRO:47', 'A:ARG:108',                           
                             'A:ALA:117', 'A:GLU:161',                          
                             'A:TYR:84', 'A:SER:13', 'A:SER:71',                
                             'A:LYS:68', 'A:LYS:176',                           
                             'A:ASP:122', 'A:ARG:145',                          
                             'A:ASN:174', 'C:ILE:5', 'A:GLY:79',                
                             'A:GLN:96', 'A:ALA:69',                            
                             'A:GLU:154', 'A:ASP:90',                           
                             'A:LEU:110', 'A:ARG:21',                           
                             'A:MET:98', 'A:GLY:18', 'A:SER:2',                 
                             'A:THR:73', 'A:LYS:44',                            
                             'A:GLN:180', 'A:ARG:14',                           
                             'A:ARG:131', 'A:HIS:93',                           
                             'A:ASP:106', 'A:ALA:135',                          
                             'A:GLN:54', 'A:GLN:72',                            
                             'A:ARG:111', 'A:GLY:120',                          
                             'A:MET:138', 'A:TYR:85',                           
                             'A:PRO:20', 'C:PRO:4', 'A:THR:178',                
                             'A:SER:92', 'A:ALA:139',                           
                             'A:GLU:58', 'A:GLY:1', 'A:PRO:105',                
                             'A:GLN:155', 'A:THR:10',                           
                             'A:ARG:75', 'A:SER:132', 'A:HIS:3',                
                             'A:ASP:30', 'A:ASN:127',                           
                             'A:GLU:173', 'A:GLN:32',                           
                             'A:GLN:62', 'A:VAL:150',                           
                             'A:ARG:35', 'A:GLN:115',                           
                             'A:GLY:16', 'A:SER:38',                            
                             'A:ASP:119', 'A:LYS:121',                          
                             'A:ASP:39', 'A:GLN:87', 'A:PHE:8',                 
                             'A:ILE:142', 'A:GLU:53',                           
                             'A:ALA:40', 'A:GLY:83', 'A:THR:94',                
                             'C:GLN:8', 'A:ALA:125',                            
                             'A:ARG:169', 'A:ASN:86', 'A:SER:4',                
                             'A:GLN:43', 'A:GLU:19', 'A:VAL:12',                
                             'A:SER:88', 'A:ALA:41', 'A:THR:31',                
                             'A:VAL:25', 'A:ARG:65',                            
                             'A:THR:134', 'C:VAL:6', 'A:TYR:27',                
                             'A:ARG:6', 'A:THR:80', 'A:ARG:170',                
                             'A:GLU:177', 'A:PRO:50',                           
                             'A:GLY:56', 'A:PRO:15', 'A:GLY:91',                
                             'A:ASP:166', 'A:ALA:136',                          
                             'A:LYS:146', 'A:LYS:144',                          
                             'A:ASP:129', 'A:ASP:37',                           
                             'A:ILE:23', 'A:GLU:148',                           
                             'A:ASN:66', 'A:ARG:157',                           
                             'A:ARG:82', 'A:ASP:29',                            
                             'A:ALA:149', 'A:ASP:61',                           
                             'A:ALA:76', 'A:GLU:89',                            
                             'A:HIS:151', 'A:GLU:55',                           
                             'A:SER:42', 'A:GLY:107',                           
                             'A:GLY:162'].                                      
Subgraph exposed_residues created with success!
                    DEBUG    Found 9 nodes in the chain         subgraphs.py:267
                             subgraph.                                          
                    DEBUG    Creating subgraph from nodes:       subgraphs.py:58
                             ['C:GLU:1', 'C:ALA:7', 'C:ILE:5',                  
                             'C:PRO:4', 'C:GLN:8', 'C:TYR:9',                   
                             'C:SER:2', 'C:ASP:3', 'C:VAL:6'].                  
Subgraph selected_chains created with success!
                    DEBUG    Found 59 nodes in the sequence     subgraphs.py:316
                             position subgraph.                                 
                    DEBUG    Creating subgraph from nodes:       subgraphs.py:58
                             ['A:ARG:156', 'A:ALA:153',                         
                             'A:ARG:17', 'A:GLU:19', 'A:GLY:18',                
                             'A:GLN:155', 'A:ARG:75',                           
                             'A:TYR:59', 'A:ARG:163',                           
                             'A:PHE:109', 'A:THR:73',                           
                             'A:LYS:44', 'A:ARG:65', 'A:PRO:57',                
                             'A:VAL:158', 'A:GLU:63',                           
                             'A:ARG:131', 'A:TRP:60',                           
                             'A:THR:80', 'A:ASP:106',                           
                             'A:GLN:62', 'A:VAL:150',                           
                             'A:ALA:152', 'A:ARG:108',                          
                             'A:GLN:54', 'A:ARG:170',                           
                             'A:GLY:56', 'A:GLU:161',                           
                             'A:GLU:154', 'A:TYR:84',                           
                             'A:ASP:166', 'A:THR:64',                           
                             'A:GLN:72', 'A:LYS:146',                           
                             'A:SER:71', 'A:ASN:77', 'A:LYS:68',                
                             'A:HIS:70', 'A:GLU:148',                           
                             'A:ILE:142', 'A:ASN:66',                           
                             'A:ARG:157', 'A:TRP:147',                          
                             'A:ARG:145', 'A:ALA:149',                          
                             'A:GLY:79', 'A:ASP:61',                            
                             'A:GLY:167', 'A:ALA:76',                           
                             'A:GLY:83', 'A:GLU:89',                            
                             'A:HIS:151', 'A:GLU:55',                           
                             'A:TYR:159', 'A:ALA:69',                           
                             'A:ARG:169', 'A:GLU:58',                           
                             'A:GLY:162', 'A:GLN:43'].                          
Subgraph all_residues created with success!
                    DEBUG    Deprotonating protein. This removes H graphs.py:188
                             atoms from the pdb_df dataframe                    
                    DEBUG    Converting dataframe to centroids.    graphs.py:210
                             This averages XYZ coords of the                    
                             atoms in a residue                                 
                    DEBUG    Calculated 189 centroid nodes         graphs.py:649
                    DEBUG    Detected 189 total nodes              graphs.py:435
                    INFO     Found: 3297 distance edges          distance.py:964
                    INFO     Added 3297 distance edges. (0       distance.py:983
                             removed by LIN)                                    

                    DEBUG    Found 130 nodes in the surface     subgraphs.py:516
                             subgraph.                                          
                    DEBUG    Creating subgraph from nodes:       subgraphs.py:58
                             ['A:GLN:141', 'C:GLU:1',                           
                             'A:ARG:17', 'A:ASP:102',                           
                             'A:GLU:128', 'A:ASP:137',                          
                             'A:ARG:163', 'A:TYR:113',                          
                             'A:PHE:109', 'A:PRO:57',                           
                             'A:VAL:158', 'A:ARG:48',                           
                             'A:TRP:60', 'A:GLU:46', 'A:ALA:49',                
                             'A:PRO:47', 'A:ARG:108',                           
                             'A:ALA:117', 'A:GLU:161',                          
                             'A:TYR:84', 'A:SER:13', 'A:SER:71',                
                             'A:LYS:68', 'A:LYS:176',                           
                             'A:ASP:122', 'A:ARG:145',                          
                             'A:ASN:174', 'C:ILE:5', 'A:GLY:79',                
                             'A:GLN:96', 'A:ALA:69',                            
                             'A:GLU:154', 'A:ASP:90',                           
                             'A:LEU:110', 'A:ARG:21',                           
                             'A:MET:98', 'A:GLY:18', 'A:SER:2',                 
                             'A:THR:73', 'A:LYS:44',                            
                             'A:GLN:180', 'A:ARG:14',                           
                             'A:ARG:131', 'A:HIS:93',                           
                             'A:ASP:106', 'A:ALA:135',                          
                             'A:GLN:54', 'A:GLN:72',                            
                             'A:ARG:111', 'A:GLY:120',                          
                             'A:MET:138', 'A:TYR:85',                           
                             'A:PRO:20', 'C:PRO:4', 'A:THR:178',                
                             'A:SER:92', 'A:ALA:139',                           
                             'A:GLU:58', 'A:GLY:1', 'A:PRO:105',                
                             'A:GLN:155', 'A:THR:10',                           
                             'A:ARG:75', 'A:SER:132', 'A:HIS:3',                
                             'A:ASP:30', 'A:ASN:127',                           
                             'A:GLU:173', 'A:GLN:32',                           
                             'A:GLN:62', 'A:VAL:150',                           
                             'A:ARG:35', 'A:GLN:115',                           
                             'A:GLY:16', 'A:SER:38',                            
                             'A:ASP:119', 'A:LYS:121',                          
                             'A:ASP:39', 'A:GLN:87', 'A:PHE:8',                 
                             'A:ILE:142', 'A:GLU:53',                           
                             'A:ALA:40', 'A:GLY:83', 'A:THR:94',                
                             'C:GLN:8', 'A:ALA:125',                            
                             'A:ARG:169', 'A:ASN:86', 'A:SER:4',                
                             'A:GLN:43', 'A:GLU:19', 'A:VAL:12',                
                             'A:SER:88', 'A:ALA:41', 'A:THR:31',                
                             'A:VAL:25', 'A:ARG:65',                            
                             'A:THR:134', 'C:VAL:6', 'A:TYR:27',                
                             'A:ARG:6', 'A:THR:80', 'A:ARG:170',                
                             'A:GLU:177', 'A:PRO:50',                           
                             'A:GLY:56', 'A:PRO:15', 'A:GLY:91',                
                             'A:ASP:166', 'A:ALA:136',                          
                             'A:LYS:146', 'A:LYS:144',                          
                             'A:ASP:129', 'A:ASP:37',                           
                             'A:ILE:23', 'A:GLU:148',                           
                             'A:ASN:66', 'A:ARG:157',                           
                             'A:ARG:82', 'A:ASP:29',                            
                             'A:ALA:149', 'A:ASP:61',                           
                             'A:ALA:76', 'A:GLU:89',                            
                             'A:HIS:151', 'A:GLU:55',                           
                             'A:SER:42', 'A:GLY:107',                           
                             'A:GLY:162'].                                      
Subgraph exposed_residues created with success!
                    DEBUG    Found 9 nodes in the chain         subgraphs.py:267
                             subgraph.                                          
                    DEBUG    Creating subgraph from nodes:       subgraphs.py:58
                             ['C:GLU:1', 'C:ALA:7', 'C:ILE:5',                  
                             'C:PRO:4', 'C:GLN:8', 'C:TYR:9',                   
                             'C:SER:2', 'C:ASP:3', 'C:VAL:6'].                  
Subgraph selected_chains created with success!
                    DEBUG    Found 59 nodes in the sequence     subgraphs.py:316
                             position subgraph.                                 
                    DEBUG    Creating subgraph from nodes:       subgraphs.py:58
                             ['A:ARG:156', 'A:ALA:153',                         
                             'A:ARG:17', 'A:GLU:19', 'A:GLY:18',                
                             'A:GLN:155', 'A:ARG:75',                           
                             'A:TYR:59', 'A:ARG:163',                           
                             'A:PHE:109', 'A:THR:73',                           
                             'A:LYS:44', 'A:ARG:65', 'A:PRO:57',                
                             'A:VAL:158', 'A:GLU:63',                           
                             'A:ARG:131', 'A:TRP:60',                           
                             'A:THR:80', 'A:ASP:106',                           
                             'A:GLN:62', 'A:VAL:150',                           
                             'A:ALA:152', 'A:ARG:108',                          
                             'A:GLN:54', 'A:ARG:170',                           
                             'A:GLY:56', 'A:GLU:161',                           
                             'A:GLU:154', 'A:TYR:84',                           
                             'A:ASP:166', 'A:THR:64',                           
                             'A:GLN:72', 'A:LYS:146',                           
                             'A:SER:71', 'A:ASN:77', 'A:LYS:68',                
                             'A:HIS:70', 'A:GLU:148',                           
                             'A:ILE:142', 'A:ASN:66',                           
                             'A:ARG:157', 'A:TRP:147',                          
                             'A:ARG:145', 'A:ALA:149',                          
                             'A:GLY:79', 'A:ASP:61',                            
                             'A:GLY:167', 'A:ALA:76',                           
                             'A:GLY:83', 'A:GLU:89',                            
                             'A:HIS:151', 'A:GLU:55',                           
                             'A:TYR:159', 'A:ALA:69',                           
                             'A:ARG:169', 'A:GLU:58',                           
                             'A:GLY:162', 'A:GLN:43'].                          
Subgraph all_residues created with success!
                    DEBUG    Deprotonating protein. This removes H graphs.py:188
                             atoms from the pdb_df dataframe                    
                    DEBUG    Converting dataframe to centroids.    graphs.py:210
                             This averages XYZ coords of the                    
                             atoms in a residue                                 
                    DEBUG    Calculated 189 centroid nodes         graphs.py:649
                    DEBUG    Detected 189 total nodes              graphs.py:435
                    INFO     Found: 3297 distance edges          distance.py:964
                    INFO     Added 3297 distance edges. (0       distance.py:983
                             removed by LIN)                                    

                    DEBUG    Found 130 nodes in the surface     subgraphs.py:516
                             subgraph.                                          
                    DEBUG    Creating subgraph from nodes:       subgraphs.py:58
                             ['A:GLN:141', 'C:GLU:1',                           
                             'A:ARG:17', 'A:ASP:102',                           
                             'A:GLU:128', 'A:ASP:137',                          
                             'A:ARG:163', 'A:TYR:113',                          
                             'A:PHE:109', 'A:PRO:57',                           
                             'A:VAL:158', 'A:ARG:48',                           
                             'A:TRP:60', 'A:GLU:46', 'A:ALA:49',                
                             'A:PRO:47', 'A:ARG:108',                           
                             'A:ALA:117', 'A:GLU:161',                          
                             'A:TYR:84', 'A:SER:13', 'A:SER:71',                
                             'A:LYS:68', 'A:LYS:176',                           
                             'A:ASP:122', 'A:ARG:145',                          
                             'A:ASN:174', 'C:ILE:5', 'A:GLY:79',                
                             'A:GLN:96', 'A:ALA:69',                            
                             'A:GLU:154', 'A:ASP:90',                           
                             'A:LEU:110', 'A:ARG:21',                           
                             'A:MET:98', 'A:GLY:18', 'A:SER:2',                 
                             'A:THR:73', 'A:LYS:44',                            
                             'A:GLN:180', 'A:ARG:14',                           
                             'A:ARG:131', 'A:HIS:93',                           
                             'A:ASP:106', 'A:ALA:135',                          
                             'A:GLN:54', 'A:GLN:72',                            
                             'A:ARG:111', 'A:GLY:120',                          
                             'A:MET:138', 'A:TYR:85',                           
                             'A:PRO:20', 'C:PRO:4', 'A:THR:178',                
                             'A:SER:92', 'A:ALA:139',                           
                             'A:GLU:58', 'A:GLY:1', 'A:PRO:105',                
                             'A:GLN:155', 'A:THR:10',                           
                             'A:ARG:75', 'A:SER:132', 'A:HIS:3',                
                             'A:ASP:30', 'A:ASN:127',                           
                             'A:GLU:173', 'A:GLN:32',                           
                             'A:GLN:62', 'A:VAL:150',                           
                             'A:ARG:35', 'A:GLN:115',                           
                             'A:GLY:16', 'A:SER:38',                            
                             'A:ASP:119', 'A:LYS:121',                          
                             'A:ASP:39', 'A:GLN:87', 'A:PHE:8',                 
                             'A:ILE:142', 'A:GLU:53',                           
                             'A:ALA:40', 'A:GLY:83', 'A:THR:94',                
                             'C:GLN:8', 'A:ALA:125',                            
                             'A:ARG:169', 'A:ASN:86', 'A:SER:4',                
                             'A:GLN:43', 'A:GLU:19', 'A:VAL:12',                
                             'A:SER:88', 'A:ALA:41', 'A:THR:31',                
                             'A:VAL:25', 'A:ARG:65',                            
                             'A:THR:134', 'C:VAL:6', 'A:TYR:27',                
                             'A:ARG:6', 'A:THR:80', 'A:ARG:170',                
                             'A:GLU:177', 'A:PRO:50',                           
                             'A:GLY:56', 'A:PRO:15', 'A:GLY:91',                
                             'A:ASP:166', 'A:ALA:136',                          
                             'A:LYS:146', 'A:LYS:144',                          
                             'A:ASP:129', 'A:ASP:37',                           
                             'A:ILE:23', 'A:GLU:148',                           
                             'A:ASN:66', 'A:ARG:157',                           
                             'A:ARG:82', 'A:ASP:29',                            
                             'A:ALA:149', 'A:ASP:61',                           
                             'A:ALA:76', 'A:GLU:89',                            
                             'A:HIS:151', 'A:GLU:55',                           
                             'A:SER:42', 'A:GLY:107',                           
                             'A:GLY:162'].                                      
Subgraph exposed_residues created with success!
                    DEBUG    Found 9 nodes in the chain         subgraphs.py:267
                             subgraph.                                          
                    DEBUG    Creating subgraph from nodes:       subgraphs.py:58
                             ['C:GLU:1', 'C:ALA:7', 'C:ILE:5',                  
                             'C:PRO:4', 'C:GLN:8', 'C:TYR:9',                   
                             'C:SER:2', 'C:ASP:3', 'C:VAL:6'].                  
Subgraph selected_chains created with success!
                    DEBUG    Found 59 nodes in the sequence     subgraphs.py:316
                             position subgraph.                                 
                    DEBUG    Creating subgraph from nodes:       subgraphs.py:58
                             ['A:ARG:156', 'A:ALA:153',                         
                             'A:ARG:17', 'A:GLU:19', 'A:GLY:18',                
                             'A:GLN:155', 'A:ARG:75',                           
                             'A:TYR:59', 'A:ARG:163',                           
                             'A:PHE:109', 'A:THR:73',                           
                             'A:LYS:44', 'A:ARG:65', 'A:PRO:57',                
                             'A:VAL:158', 'A:GLU:63',                           
                             'A:ARG:131', 'A:TRP:60',                           
                             'A:THR:80', 'A:ASP:106',                           
                             'A:GLN:62', 'A:VAL:150',                           
                             'A:ALA:152', 'A:ARG:108',                          
                             'A:GLN:54', 'A:ARG:170',                           
                             'A:GLY:56', 'A:GLU:161',                           
                             'A:GLU:154', 'A:TYR:84',                           
                             'A:ASP:166', 'A:THR:64',                           
                             'A:GLN:72', 'A:LYS:146',                           
                             'A:SER:71', 'A:ASN:77', 'A:LYS:68',                
                             'A:HIS:70', 'A:GLU:148',                           
                             'A:ILE:142', 'A:ASN:66',                           
                             'A:ARG:157', 'A:TRP:147',                          
                             'A:ARG:145', 'A:ALA:149',                          
                             'A:GLY:79', 'A:ASP:61',                            
                             'A:GLY:167', 'A:ALA:76',                           
                             'A:GLY:83', 'A:GLU:89',                            
                             'A:HIS:151', 'A:GLU:55',                           
                             'A:TYR:159', 'A:ALA:69',                           
                             'A:ARG:169', 'A:GLU:58',                           
                             'A:GLY:162', 'A:GLN:43'].                          
Subgraph all_residues created with success!
                    DEBUG    Deprotonating protein. This removes H graphs.py:188
                             atoms from the pdb_df dataframe                    
                    DEBUG    Converting dataframe to centroids.    graphs.py:210
                             This averages XYZ coords of the                    
                             atoms in a residue                                 
                    DEBUG    Calculated 189 centroid nodes         graphs.py:649
                    DEBUG    Detected 189 total nodes              graphs.py:435
                    INFO     Found: 3297 distance edges          distance.py:964
                    INFO     Added 3297 distance edges. (0       distance.py:983
                             removed by LIN)                                    

                    DEBUG    Found 130 nodes in the surface     subgraphs.py:516
                             subgraph.                                          
                    DEBUG    Creating subgraph from nodes:       subgraphs.py:58
                             ['A:GLN:141', 'C:GLU:1',                           
                             'A:ARG:17', 'A:ASP:102',                           
                             'A:GLU:128', 'A:ASP:137',                          
                             'A:ARG:163', 'A:TYR:113',                          
                             'A:PHE:109', 'A:PRO:57',                           
                             'A:VAL:158', 'A:ARG:48',                           
                             'A:TRP:60', 'A:GLU:46', 'A:ALA:49',                
                             'A:PRO:47', 'A:ARG:108',                           
                             'A:ALA:117', 'A:GLU:161',                          
                             'A:TYR:84', 'A:SER:13', 'A:SER:71',                
                             'A:LYS:68', 'A:LYS:176',                           
                             'A:ASP:122', 'A:ARG:145',                          
                             'A:ASN:174', 'C:ILE:5', 'A:GLY:79',                
                             'A:GLN:96', 'A:ALA:69',                            
                             'A:GLU:154', 'A:ASP:90',                           
                             'A:LEU:110', 'A:ARG:21',                           
                             'A:MET:98', 'A:GLY:18', 'A:SER:2',                 
                             'A:THR:73', 'A:LYS:44',                            
                             'A:GLN:180', 'A:ARG:14',                           
                             'A:ARG:131', 'A:HIS:93',                           
                             'A:ASP:106', 'A:ALA:135',                          
                             'A:GLN:54', 'A:GLN:72',                            
                             'A:ARG:111', 'A:GLY:120',                          
                             'A:MET:138', 'A:TYR:85',                           
                             'A:PRO:20', 'C:PRO:4', 'A:THR:178',                
                             'A:SER:92', 'A:ALA:139',                           
                             'A:GLU:58', 'A:GLY:1', 'A:PRO:105',                
                             'A:GLN:155', 'A:THR:10',                           
                             'A:ARG:75', 'A:SER:132', 'A:HIS:3',                
                             'A:ASP:30', 'A:ASN:127',                           
                             'A:GLU:173', 'A:GLN:32',                           
                             'A:GLN:62', 'A:VAL:150',                           
                             'A:ARG:35', 'A:GLN:115',                           
                             'A:GLY:16', 'A:SER:38',                            
                             'A:ASP:119', 'A:LYS:121',                          
                             'A:ASP:39', 'A:GLN:87', 'A:PHE:8',                 
                             'A:ILE:142', 'A:GLU:53',                           
                             'A:ALA:40', 'A:GLY:83', 'A:THR:94',                
                             'C:GLN:8', 'A:ALA:125',                            
                             'A:ARG:169', 'A:ASN:86', 'A:SER:4',                
                             'A:GLN:43', 'A:GLU:19', 'A:VAL:12',                
                             'A:SER:88', 'A:ALA:41', 'A:THR:31',                
                             'A:VAL:25', 'A:ARG:65',                            
                             'A:THR:134', 'C:VAL:6', 'A:TYR:27',                
                             'A:ARG:6', 'A:THR:80', 'A:ARG:170',                
                             'A:GLU:177', 'A:PRO:50',                           
                             'A:GLY:56', 'A:PRO:15', 'A:GLY:91',                
                             'A:ASP:166', 'A:ALA:136',                          
                             'A:LYS:146', 'A:LYS:144',                          
                             'A:ASP:129', 'A:ASP:37',                           
                             'A:ILE:23', 'A:GLU:148',                           
                             'A:ASN:66', 'A:ARG:157',                           
                             'A:ARG:82', 'A:ASP:29',                            
                             'A:ALA:149', 'A:ASP:61',                           
                             'A:ALA:76', 'A:GLU:89',                            
                             'A:HIS:151', 'A:GLU:55',                           
                             'A:SER:42', 'A:GLY:107',                           
                             'A:GLY:162'].                                      
Subgraph exposed_residues created with success!
                    DEBUG    Found 9 nodes in the chain         subgraphs.py:267
                             subgraph.                                          
                    DEBUG    Creating subgraph from nodes:       subgraphs.py:58
                             ['C:GLU:1', 'C:ALA:7', 'C:ILE:5',                  
                             'C:PRO:4', 'C:GLN:8', 'C:TYR:9',                   
                             'C:SER:2', 'C:ASP:3', 'C:VAL:6'].                  
Subgraph selected_chains created with success!
                    DEBUG    Found 59 nodes in the sequence     subgraphs.py:316
                             position subgraph.                                 
                    DEBUG    Creating subgraph from nodes:       subgraphs.py:58
                             ['A:ARG:156', 'A:ALA:153',                         
                             'A:ARG:17', 'A:GLU:19', 'A:GLY:18',                
                             'A:GLN:155', 'A:ARG:75',                           
                             'A:TYR:59', 'A:ARG:163',                           
                             'A:PHE:109', 'A:THR:73',                           
                             'A:LYS:44', 'A:ARG:65', 'A:PRO:57',                
                             'A:VAL:158', 'A:GLU:63',                           
                             'A:ARG:131', 'A:TRP:60',                           
                             'A:THR:80', 'A:ASP:106',                           
                             'A:GLN:62', 'A:VAL:150',                           
                             'A:ALA:152', 'A:ARG:108',                          
                             'A:GLN:54', 'A:ARG:170',                           
                             'A:GLY:56', 'A:GLU:161',                           
                             'A:GLU:154', 'A:TYR:84',                           
                             'A:ASP:166', 'A:THR:64',                           
                             'A:GLN:72', 'A:LYS:146',                           
                             'A:SER:71', 'A:ASN:77', 'A:LYS:68',                
                             'A:HIS:70', 'A:GLU:148',                           
                             'A:ILE:142', 'A:ASN:66',                           
                             'A:ARG:157', 'A:TRP:147',                          
                             'A:ARG:145', 'A:ALA:149',                          
                             'A:GLY:79', 'A:ASP:61',                            
                             'A:GLY:167', 'A:ALA:76',                           
                             'A:GLY:83', 'A:GLU:89',                            
                             'A:HIS:151', 'A:GLU:55',                           
                             'A:TYR:159', 'A:ALA:69',                           
                             'A:ARG:169', 'A:GLU:58',                           
                             'A:GLY:162', 'A:GLN:43'].                          
Subgraph all_residues created with success!
                    DEBUG    Deprotonating protein. This removes H graphs.py:188
                             atoms from the pdb_df dataframe                    
                    DEBUG    Converting dataframe to centroids.    graphs.py:210
                             This averages XYZ coords of the                    
                             atoms in a residue                                 
                    DEBUG    Calculated 189 centroid nodes         graphs.py:649
                    DEBUG    Detected 189 total nodes              graphs.py:435
                    INFO     Found: 3297 distance edges          distance.py:964
                    INFO     Added 3297 distance edges. (0       distance.py:983
                             removed by LIN)                                    

                    DEBUG    Found 130 nodes in the surface     subgraphs.py:516
                             subgraph.                                          
                    DEBUG    Creating subgraph from nodes:       subgraphs.py:58
                             ['A:GLN:141', 'C:GLU:1',                           
                             'A:ARG:17', 'A:ASP:102',                           
                             'A:GLU:128', 'A:ASP:137',                          
                             'A:ARG:163', 'A:TYR:113',                          
                             'A:PHE:109', 'A:PRO:57',                           
                             'A:VAL:158', 'A:ARG:48',                           
                             'A:TRP:60', 'A:GLU:46', 'A:ALA:49',                
                             'A:PRO:47', 'A:ARG:108',                           
                             'A:ALA:117', 'A:GLU:161',                          
                             'A:TYR:84', 'A:SER:13', 'A:SER:71',                
                             'A:LYS:68', 'A:LYS:176',                           
                             'A:ASP:122', 'A:ARG:145',                          
                             'A:ASN:174', 'C:ILE:5', 'A:GLY:79',                
                             'A:GLN:96', 'A:ALA:69',                            
                             'A:GLU:154', 'A:ASP:90',                           
                             'A:LEU:110', 'A:ARG:21',                           
                             'A:MET:98', 'A:GLY:18', 'A:SER:2',                 
                             'A:THR:73', 'A:LYS:44',                            
                             'A:GLN:180', 'A:ARG:14',                           
                             'A:ARG:131', 'A:HIS:93',                           
                             'A:ASP:106', 'A:ALA:135',                          
                             'A:GLN:54', 'A:GLN:72',                            
                             'A:ARG:111', 'A:GLY:120',                          
                             'A:MET:138', 'A:TYR:85',                           
                             'A:PRO:20', 'C:PRO:4', 'A:THR:178',                
                             'A:SER:92', 'A:ALA:139',                           
                             'A:GLU:58', 'A:GLY:1', 'A:PRO:105',                
                             'A:GLN:155', 'A:THR:10',                           
                             'A:ARG:75', 'A:SER:132', 'A:HIS:3',                
                             'A:ASP:30', 'A:ASN:127',                           
                             'A:GLU:173', 'A:GLN:32',                           
                             'A:GLN:62', 'A:VAL:150',                           
                             'A:ARG:35', 'A:GLN:115',                           
                             'A:GLY:16', 'A:SER:38',                            
                             'A:ASP:119', 'A:LYS:121',                          
                             'A:ASP:39', 'A:GLN:87', 'A:PHE:8',                 
                             'A:ILE:142', 'A:GLU:53',                           
                             'A:ALA:40', 'A:GLY:83', 'A:THR:94',                
                             'C:GLN:8', 'A:ALA:125',                            
                             'A:ARG:169', 'A:ASN:86', 'A:SER:4',                
                             'A:GLN:43', 'A:GLU:19', 'A:VAL:12',                
                             'A:SER:88', 'A:ALA:41', 'A:THR:31',                
                             'A:VAL:25', 'A:ARG:65',                            
                             'A:THR:134', 'C:VAL:6', 'A:TYR:27',                
                             'A:ARG:6', 'A:THR:80', 'A:ARG:170',                
                             'A:GLU:177', 'A:PRO:50',                           
                             'A:GLY:56', 'A:PRO:15', 'A:GLY:91',                
                             'A:ASP:166', 'A:ALA:136',                          
                             'A:LYS:146', 'A:LYS:144',                          
                             'A:ASP:129', 'A:ASP:37',                           
                             'A:ILE:23', 'A:GLU:148',                           
                             'A:ASN:66', 'A:ARG:157',                           
                             'A:ARG:82', 'A:ASP:29',                            
                             'A:ALA:149', 'A:ASP:61',                           
                             'A:ALA:76', 'A:GLU:89',                            
                             'A:HIS:151', 'A:GLU:55',                           
                             'A:SER:42', 'A:GLY:107',                           
                             'A:GLY:162'].                                      
Subgraph exposed_residues created with success!
                    DEBUG    Found 9 nodes in the chain         subgraphs.py:267
                             subgraph.                                          
                    DEBUG    Creating subgraph from nodes:       subgraphs.py:58
                             ['C:GLU:1', 'C:ALA:7', 'C:ILE:5',                  
                             'C:PRO:4', 'C:GLN:8', 'C:TYR:9',                   
                             'C:SER:2', 'C:ASP:3', 'C:VAL:6'].                  
Subgraph selected_chains created with success!
                    DEBUG    Found 59 nodes in the sequence     subgraphs.py:316
                             position subgraph.                                 
                    DEBUG    Creating subgraph from nodes:       subgraphs.py:58
                             ['A:ARG:156', 'A:ALA:153',                         
                             'A:ARG:17', 'A:GLU:19', 'A:GLY:18',                
                             'A:GLN:155', 'A:ARG:75',                           
                             'A:TYR:59', 'A:ARG:163',                           
                             'A:PHE:109', 'A:THR:73',                           
                             'A:LYS:44', 'A:ARG:65', 'A:PRO:57',                
                             'A:VAL:158', 'A:GLU:63',                           
                             'A:ARG:131', 'A:TRP:60',                           
                             'A:THR:80', 'A:ASP:106',                           
                             'A:GLN:62', 'A:VAL:150',                           
                             'A:ALA:152', 'A:ARG:108',                          
                             'A:GLN:54', 'A:ARG:170',                           
                             'A:GLY:56', 'A:GLU:161',                           
                             'A:GLU:154', 'A:TYR:84',                           
                             'A:ASP:166', 'A:THR:64',                           
                             'A:GLN:72', 'A:LYS:146',                           
                             'A:SER:71', 'A:ASN:77', 'A:LYS:68',                
                             'A:HIS:70', 'A:GLU:148',                           
                             'A:ILE:142', 'A:ASN:66',                           
                             'A:ARG:157', 'A:TRP:147',                          
                             'A:ARG:145', 'A:ALA:149',                          
                             'A:GLY:79', 'A:ASP:61',                            
                             'A:GLY:167', 'A:ALA:76',                           
                             'A:GLY:83', 'A:GLU:89',                            
                             'A:HIS:151', 'A:GLU:55',                           
                             'A:TYR:159', 'A:ALA:69',                           
                             'A:ARG:169', 'A:GLU:58',                           
                             'A:GLY:162', 'A:GLN:43'].                          
Subgraph all_residues created with success!
                    DEBUG    Deprotonating protein. This removes H graphs.py:188
                             atoms from the pdb_df dataframe                    
                    DEBUG    Converting dataframe to centroids.    graphs.py:210
                             This averages XYZ coords of the                    
                             atoms in a residue                                 
                    DEBUG    Calculated 189 centroid nodes         graphs.py:649
                    DEBUG    Detected 189 total nodes              graphs.py:435
                    INFO     Found: 3297 distance edges          distance.py:964
                    INFO     Added 3297 distance edges. (0       distance.py:983
                             removed by LIN)                                    

                    DEBUG    Found 130 nodes in the surface     subgraphs.py:516
                             subgraph.                                          
                    DEBUG    Creating subgraph from nodes:       subgraphs.py:58
                             ['A:GLN:141', 'C:GLU:1',                           
                             'A:ARG:17', 'A:ASP:102',                           
                             'A:GLU:128', 'A:ASP:137',                          
                             'A:ARG:163', 'A:TYR:113',                          
                             'A:PHE:109', 'A:PRO:57',                           
                             'A:VAL:158', 'A:ARG:48',                           
                             'A:TRP:60', 'A:GLU:46', 'A:ALA:49',                
                             'A:PRO:47', 'A:ARG:108',                           
                             'A:ALA:117', 'A:GLU:161',                          
                             'A:TYR:84', 'A:SER:13', 'A:SER:71',                
                             'A:LYS:68', 'A:LYS:176',                           
                             'A:ASP:122', 'A:ARG:145',                          
                             'A:ASN:174', 'C:ILE:5', 'A:GLY:79',                
                             'A:GLN:96', 'A:ALA:69',                            
                             'A:GLU:154', 'A:ASP:90',                           
                             'A:LEU:110', 'A:ARG:21',                           
                             'A:MET:98', 'A:GLY:18', 'A:SER:2',                 
                             'A:THR:73', 'A:LYS:44',                            
                             'A:GLN:180', 'A:ARG:14',                           
                             'A:ARG:131', 'A:HIS:93',                           
                             'A:ASP:106', 'A:ALA:135',                          
                             'A:GLN:54', 'A:GLN:72',                            
                             'A:ARG:111', 'A:GLY:120',                          
                             'A:MET:138', 'A:TYR:85',                           
                             'A:PRO:20', 'C:PRO:4', 'A:THR:178',                
                             'A:SER:92', 'A:ALA:139',                           
                             'A:GLU:58', 'A:GLY:1', 'A:PRO:105',                
                             'A:GLN:155', 'A:THR:10',                           
                             'A:ARG:75', 'A:SER:132', 'A:HIS:3',                
                             'A:ASP:30', 'A:ASN:127',                           
                             'A:GLU:173', 'A:GLN:32',                           
                             'A:GLN:62', 'A:VAL:150',                           
                             'A:ARG:35', 'A:GLN:115',                           
                             'A:GLY:16', 'A:SER:38',                            
                             'A:ASP:119', 'A:LYS:121',                          
                             'A:ASP:39', 'A:GLN:87', 'A:PHE:8',                 
                             'A:ILE:142', 'A:GLU:53',                           
                             'A:ALA:40', 'A:GLY:83', 'A:THR:94',                
                             'C:GLN:8', 'A:ALA:125',                            
                             'A:ARG:169', 'A:ASN:86', 'A:SER:4',                
                             'A:GLN:43', 'A:GLU:19', 'A:VAL:12',                
                             'A:SER:88', 'A:ALA:41', 'A:THR:31',                
                             'A:VAL:25', 'A:ARG:65',                            
                             'A:THR:134', 'C:VAL:6', 'A:TYR:27',                
                             'A:ARG:6', 'A:THR:80', 'A:ARG:170',                
                             'A:GLU:177', 'A:PRO:50',                           
                             'A:GLY:56', 'A:PRO:15', 'A:GLY:91',                
                             'A:ASP:166', 'A:ALA:136',                          
                             'A:LYS:146', 'A:LYS:144',                          
                             'A:ASP:129', 'A:ASP:37',                           
                             'A:ILE:23', 'A:GLU:148',                           
                             'A:ASN:66', 'A:ARG:157',                           
                             'A:ARG:82', 'A:ASP:29',                            
                             'A:ALA:149', 'A:ASP:61',                           
                             'A:ALA:76', 'A:GLU:89',                            
                             'A:HIS:151', 'A:GLU:55',                           
                             'A:SER:42', 'A:GLY:107',                           
                             'A:GLY:162'].                                      
Subgraph exposed_residues created with success!
                    DEBUG    Found 9 nodes in the chain         subgraphs.py:267
                             subgraph.                                          
                    DEBUG    Creating subgraph from nodes:       subgraphs.py:58
                             ['C:GLU:1', 'C:ALA:7', 'C:ILE:5',                  
                             'C:PRO:4', 'C:GLN:8', 'C:TYR:9',                   
                             'C:SER:2', 'C:ASP:3', 'C:VAL:6'].                  
Subgraph selected_chains created with success!
                    DEBUG    Found 59 nodes in the sequence     subgraphs.py:316
                             position subgraph.                                 
                    DEBUG    Creating subgraph from nodes:       subgraphs.py:58
                             ['A:ARG:156', 'A:ALA:153',                         
                             'A:ARG:17', 'A:GLU:19', 'A:GLY:18',                
                             'A:GLN:155', 'A:ARG:75',                           
                             'A:TYR:59', 'A:ARG:163',                           
                             'A:PHE:109', 'A:THR:73',                           
                             'A:LYS:44', 'A:ARG:65', 'A:PRO:57',                
                             'A:VAL:158', 'A:GLU:63',                           
                             'A:ARG:131', 'A:TRP:60',                           
                             'A:THR:80', 'A:ASP:106',                           
                             'A:GLN:62', 'A:VAL:150',                           
                             'A:ALA:152', 'A:ARG:108',                          
                             'A:GLN:54', 'A:ARG:170',                           
                             'A:GLY:56', 'A:GLU:161',                           
                             'A:GLU:154', 'A:TYR:84',                           
                             'A:ASP:166', 'A:THR:64',                           
                             'A:GLN:72', 'A:LYS:146',                           
                             'A:SER:71', 'A:ASN:77', 'A:LYS:68',                
                             'A:HIS:70', 'A:GLU:148',                           
                             'A:ILE:142', 'A:ASN:66',                           
                             'A:ARG:157', 'A:TRP:147',                          
                             'A:ARG:145', 'A:ALA:149',                          
                             'A:GLY:79', 'A:ASP:61',                            
                             'A:GLY:167', 'A:ALA:76',                           
                             'A:GLY:83', 'A:GLU:89',                            
                             'A:HIS:151', 'A:GLU:55',                           
                             'A:TYR:159', 'A:ALA:69',                           
                             'A:ARG:169', 'A:GLU:58',                           
                             'A:GLY:162', 'A:GLN:43'].                          
Subgraph all_residues created with success!
                    DEBUG    Deprotonating protein. This removes H graphs.py:188
                             atoms from the pdb_df dataframe                    
                    DEBUG    Converting dataframe to centroids.    graphs.py:210
                             This averages XYZ coords of the                    
                             atoms in a residue                                 
                    DEBUG    Calculated 189 centroid nodes         graphs.py:649
                    DEBUG    Detected 189 total nodes              graphs.py:435
                    INFO     Found: 3297 distance edges          distance.py:964
[10/10/24 01:39:02] INFO     Added 3297 distance edges. (0       distance.py:983
                             removed by LIN)                                    

                    DEBUG    Found 130 nodes in the surface     subgraphs.py:516
                             subgraph.                                          
                    DEBUG    Creating subgraph from nodes:       subgraphs.py:58
                             ['A:GLN:141', 'C:GLU:1',                           
                             'A:ARG:17', 'A:ASP:102',                           
                             'A:GLU:128', 'A:ASP:137',                          
                             'A:ARG:163', 'A:TYR:113',                          
                             'A:PHE:109', 'A:PRO:57',                           
                             'A:VAL:158', 'A:ARG:48',                           
                             'A:TRP:60', 'A:GLU:46', 'A:ALA:49',                
                             'A:PRO:47', 'A:ARG:108',                           
                             'A:ALA:117', 'A:GLU:161',                          
                             'A:TYR:84', 'A:SER:13', 'A:SER:71',                
                             'A:LYS:68', 'A:LYS:176',                           
                             'A:ASP:122', 'A:ARG:145',                          
                             'A:ASN:174', 'C:ILE:5', 'A:GLY:79',                
                             'A:GLN:96', 'A:ALA:69',                            
                             'A:GLU:154', 'A:ASP:90',                           
                             'A:LEU:110', 'A:ARG:21',                           
                             'A:MET:98', 'A:GLY:18', 'A:SER:2',                 
                             'A:THR:73', 'A:LYS:44',                            
                             'A:GLN:180', 'A:ARG:14',                           
                             'A:ARG:131', 'A:HIS:93',                           
                             'A:ASP:106', 'A:ALA:135',                          
                             'A:GLN:54', 'A:GLN:72',                            
                             'A:ARG:111', 'A:GLY:120',                          
                             'A:MET:138', 'A:TYR:85',                           
                             'A:PRO:20', 'C:PRO:4', 'A:THR:178',                
                             'A:SER:92', 'A:ALA:139',                           
                             'A:GLU:58', 'A:GLY:1', 'A:PRO:105',                
                             'A:GLN:155', 'A:THR:10',                           
                             'A:ARG:75', 'A:SER:132', 'A:HIS:3',                
                             'A:ASP:30', 'A:ASN:127',                           
                             'A:GLU:173', 'A:GLN:32',                           
                             'A:GLN:62', 'A:VAL:150',                           
                             'A:ARG:35', 'A:GLN:115',                           
                             'A:GLY:16', 'A:SER:38',                            
                             'A:ASP:119', 'A:LYS:121',                          
                             'A:ASP:39', 'A:GLN:87', 'A:PHE:8',                 
                             'A:ILE:142', 'A:GLU:53',                           
                             'A:ALA:40', 'A:GLY:83', 'A:THR:94',                
                             'C:GLN:8', 'A:ALA:125',                            
                             'A:ARG:169', 'A:ASN:86', 'A:SER:4',                
                             'A:GLN:43', 'A:GLU:19', 'A:VAL:12',                
                             'A:SER:88', 'A:ALA:41', 'A:THR:31',                
                             'A:VAL:25', 'A:ARG:65',                            
                             'A:THR:134', 'C:VAL:6', 'A:TYR:27',                
                             'A:ARG:6', 'A:THR:80', 'A:ARG:170',                
                             'A:GLU:177', 'A:PRO:50',                           
                             'A:GLY:56', 'A:PRO:15', 'A:GLY:91',                
                             'A:ASP:166', 'A:ALA:136',                          
                             'A:LYS:146', 'A:LYS:144',                          
                             'A:ASP:129', 'A:ASP:37',                           
                             'A:ILE:23', 'A:GLU:148',                           
                             'A:ASN:66', 'A:ARG:157',                           
                             'A:ARG:82', 'A:ASP:29',                            
                             'A:ALA:149', 'A:ASP:61',                           
                             'A:ALA:76', 'A:GLU:89',                            
                             'A:HIS:151', 'A:GLU:55',                           
                             'A:SER:42', 'A:GLY:107',                           
                             'A:GLY:162'].                                      
Subgraph exposed_residues created with success!
                    DEBUG    Found 9 nodes in the chain         subgraphs.py:267
                             subgraph.                                          
                    DEBUG    Creating subgraph from nodes:       subgraphs.py:58
                             ['C:GLU:1', 'C:ALA:7', 'C:ILE:5',                  
                             'C:PRO:4', 'C:GLN:8', 'C:TYR:9',                   
                             'C:SER:2', 'C:ASP:3', 'C:VAL:6'].                  
Subgraph selected_chains created with success!
                    DEBUG    Found 59 nodes in the sequence     subgraphs.py:316
                             position subgraph.                                 
                    DEBUG    Creating subgraph from nodes:       subgraphs.py:58
                             ['A:ARG:156', 'A:ALA:153',                         
                             'A:ARG:17', 'A:GLU:19', 'A:GLY:18',                
                             'A:GLN:155', 'A:ARG:75',                           
                             'A:TYR:59', 'A:ARG:163',                           
                             'A:PHE:109', 'A:THR:73',                           
                             'A:LYS:44', 'A:ARG:65', 'A:PRO:57',                
                             'A:VAL:158', 'A:GLU:63',                           
                             'A:ARG:131', 'A:TRP:60',                           
                             'A:THR:80', 'A:ASP:106',                           
                             'A:GLN:62', 'A:VAL:150',                           
                             'A:ALA:152', 'A:ARG:108',                          
                             'A:GLN:54', 'A:ARG:170',                           
                             'A:GLY:56', 'A:GLU:161',                           
                             'A:GLU:154', 'A:TYR:84',                           
                             'A:ASP:166', 'A:THR:64',                           
                             'A:GLN:72', 'A:LYS:146',                           
                             'A:SER:71', 'A:ASN:77', 'A:LYS:68',                
                             'A:HIS:70', 'A:GLU:148',                           
                             'A:ILE:142', 'A:ASN:66',                           
                             'A:ARG:157', 'A:TRP:147',                          
                             'A:ARG:145', 'A:ALA:149',                          
                             'A:GLY:79', 'A:ASP:61',                            
                             'A:GLY:167', 'A:ALA:76',                           
                             'A:GLY:83', 'A:GLU:89',                            
                             'A:HIS:151', 'A:GLU:55',                           
                             'A:TYR:159', 'A:ALA:69',                           
                             'A:ARG:169', 'A:GLU:58',                           
                             'A:GLY:162', 'A:GLN:43'].                          
Subgraph all_residues created with success!
Vou iniciar o produto cartesiano
DEBUG:CRSProtein:Total Lenght Graphs: 530
INFO:CRSProtein:Creating filtered contact maps and full residue maps...
INFO:CRSProtein:Filtered contact maps and full residue maps created with success!
INFO:CRSProtein:Creating the Neighbors Vector...
No duplicated node_ids found.
No duplicated node_ids found.
No duplicated node_ids found.
No duplicated node_ids found.
No duplicated node_ids found.
No duplicated node_ids found.
No duplicated node_ids found.
No duplicated node_ids found.
No duplicated node_ids found.
No duplicated node_ids found.
INFO:CRSProtein:Neighbors vector created with success!
INFO:CRSProtein:Creating nighbors similarity matrix...
INFO:CRSProtein:Neighbors similarity matrix created with success!
INFO:CRSProtein:Identity: Creating associated nodes matrix...
INFO:CRSProtein:Identity: Associated nodes matrix created with success!
INFO:CRSProtein:Making all possible nodes
DEBUG:CRSProtein:0/53 Making the cartesian product
DEBUG:CRSProtein:0/53 Cartesian product finalized
DEBUG:CRSProtein:1/53 Making the cartesian product
DEBUG:CRSProtein:1/53 Cartesian product finalized
DEBUG:CRSProtein:2/53 Making the cartesian product
DEBUG:CRSProtein:2/53 Cartesian product finalized
DEBUG:CRSProtein:3/53 Making the cartesian product
DEBUG:CRSProtein:3/53 Cartesian product finalized
DEBUG:CRSProtein:4/53 Making the cartesian product
DEBUG:CRSProtein:4/53 Cartesian product finalized
DEBUG:CRSProtein:5/53 Making the cartesian product
DEBUG:CRSProtein:5/53 Cartesian product finalized
DEBUG:CRSProtein:6/53 Making the cartesian product
DEBUG:CRSProtein:6/53 Cartesian product finalized
DEBUG:CRSProtein:7/53 Making the cartesian product
DEBUG:CRSProtein:7/53 Cartesian product finalized
DEBUG:CRSProtein:8/53 Making the cartesian product
DEBUG:CRSProtein:8/53 Cartesian product finalized
DEBUG:CRSProtein:9/53 Making the cartesian product
DEBUG:CRSProtein:9/53 Cartesian product finalized
DEBUG:CRSProtein:10/53 Making the cartesian product
DEBUG:CRSProtein:10/53 Cartesian product finalized
DEBUG:CRSProtein:11/53 Making the cartesian product
DEBUG:CRSProtein:11/53 Cartesian product finalized
DEBUG:CRSProtein:12/53 Making the cartesian product
DEBUG:CRSProtein:12/53 Cartesian product finalized
DEBUG:CRSProtein:13/53 Making the cartesian product
DEBUG:CRSProtein:13/53 Cartesian product finalized
DEBUG:CRSProtein:14/53 Making the cartesian product
DEBUG:CRSProtein:14/53 Cartesian product finalized
DEBUG:CRSProtein:15/53 Making the cartesian product
DEBUG:CRSProtein:15/53 Cartesian product finalized
DEBUG:CRSProtein:16/53 Making the cartesian product
DEBUG:CRSProtein:16/53 Cartesian product finalized
DEBUG:CRSProtein:17/53 Making the cartesian product
DEBUG:CRSProtein:17/53 Cartesian product finalized
DEBUG:CRSProtein:18/53 Making the cartesian product
DEBUG:CRSProtein:18/53 Cartesian product finalized
DEBUG:CRSProtein:19/53 Making the cartesian product
DEBUG:CRSProtein:19/53 Cartesian product finalized
DEBUG:CRSProtein:20/53 Making the cartesian product
DEBUG:CRSProtein:20/53 Cartesian product finalized
DEBUG:CRSProtein:21/53 Making the cartesian product
DEBUG:CRSProtein:21/53 Cartesian product finalized
DEBUG:CRSProtein:22/53 Making the cartesian product
DEBUG:CRSProtein:22/53 Cartesian product finalized
DEBUG:CRSProtein:23/53 Making the cartesian product
DEBUG:CRSProtein:23/53 Cartesian product finalized
DEBUG:CRSProtein:24/53 Making the cartesian product
DEBUG:CRSProtein:24/53 Cartesian product finalized
DEBUG:CRSProtein:25/53 Making the cartesian product
DEBUG:CRSProtein:25/53 Cartesian product finalized
DEBUG:CRSProtein:26/53 Making the cartesian product
DEBUG:CRSProtein:26/53 Cartesian product finalized
DEBUG:CRSProtein:27/53 Making the cartesian product
DEBUG:CRSProtein:27/53 Cartesian product finalized
DEBUG:CRSProtein:28/53 Making the cartesian product
DEBUG:CRSProtein:28/53 Cartesian product finalized
DEBUG:CRSProtein:29/53 Making the cartesian product
DEBUG:CRSProtein:29/53 Cartesian product finalized
DEBUG:CRSProtein:30/53 Making the cartesian product
DEBUG:CRSProtein:30/53 Cartesian product finalized
DEBUG:CRSProtein:31/53 Making the cartesian product
DEBUG:CRSProtein:31/53 Cartesian product finalized
DEBUG:CRSProtein:32/53 Making the cartesian product
DEBUG:CRSProtein:32/53 Cartesian product finalized
DEBUG:CRSProtein:33/53 Making the cartesian product
DEBUG:CRSProtein:33/53 Cartesian product finalized
DEBUG:CRSProtein:34/53 Making the cartesian product
DEBUG:CRSProtein:34/53 Cartesian product finalized
DEBUG:CRSProtein:35/53 Making the cartesian product
DEBUG:CRSProtein:35/53 Cartesian product finalized
DEBUG:CRSProtein:36/53 Making the cartesian product
DEBUG:CRSProtein:36/53 Cartesian product finalized
DEBUG:CRSProtein:37/53 Making the cartesian product
DEBUG:CRSProtein:37/53 Cartesian product finalized
DEBUG:CRSProtein:38/53 Making the cartesian product
DEBUG:CRSProtein:38/53 Cartesian product finalized
DEBUG:CRSProtein:39/53 Making the cartesian product
DEBUG:CRSProtein:39/53 Cartesian product finalized
DEBUG:CRSProtein:40/53 Making the cartesian product
DEBUG:CRSProtein:40/53 Cartesian product finalized
DEBUG:CRSProtein:41/53 Making the cartesian product
DEBUG:CRSProtein:41/53 Cartesian product finalized
DEBUG:CRSProtein:42/53 Making the cartesian product
DEBUG:CRSProtein:42/53 Cartesian product finalized
DEBUG:CRSProtein:43/53 Making the cartesian product
DEBUG:CRSProtein:43/53 Cartesian product finalized
DEBUG:CRSProtein:44/53 Making the cartesian product
DEBUG:CRSProtein:44/53 Cartesian product finalized
DEBUG:CRSProtein:45/53 Making the cartesian product
DEBUG:CRSProtein:45/53 Cartesian product finalized
DEBUG:CRSProtein:46/53 Making the cartesian product
DEBUG:CRSProtein:46/53 Cartesian product finalized
DEBUG:CRSProtein:47/53 Making the cartesian product
DEBUG:CRSProtein:47/53 Cartesian product finalized
DEBUG:CRSProtein:48/53 Making the cartesian product
DEBUG:CRSProtein:48/53 Cartesian product finalized
DEBUG:CRSProtein:49/53 Making the cartesian product
DEBUG:CRSProtein:49/53 Cartesian product finalized
DEBUG:CRSProtein:50/53 Making the cartesian product
DEBUG:CRSProtein:50/53 Cartesian product finalized
DEBUG:CRSProtein:51/53 Making the cartesian product
DEBUG:CRSProtein:51/53 Cartesian product finalized
DEBUG:CRSProtein:52/53 Making the cartesian product
DEBUG:CRSProtein:52/53 Cartesian product finalized
INFO:CRSProtein:Making combinations with filtering....
slurmstepd: error: *** JOB 5362 ON work9 CANCELLED AT 2024-10-10T01:44:31 ***
