172.20.10.15
[09/27/24 22:39:34] WARNING  To use the Graphein submodule      embeddings.py:45
                             graphein.protein.features.sequence                 
                             .embeddings, you need to install:                  
                             biovec                                             
                             biovec cannot be installed via                     
                             conda                                              
                             Alternatively, you can install                     
                             graphein with the extras:                          
                                                                                
                             pip install graphein[extras]                       
[09/27/24 22:39:35] WARNING  To use the Graphein submodule   visualisation.py:36
                             graphein.protein.visualisation,                    
                             you need to install: pytorch3d                     
                             To do so, use the following                        
                             command: conda install -c                          
                             pytorch3d pytorch3d                                
                    WARNING  To use the Graphein submodule          meshes.py:30
                             graphein.protein.meshes, you need to               
                             install: pytorch3d                                 
                             To do so, use the following command:               
                             conda install -c pytorch3d pytorch3d               
Select PDB files to associate:
1 - All
2 - chikv_DH_6NK5.pdb
3 - pmhc_titin_5bs0_renumber.pdb
4 - eeev_AB_6XO4_clean.pdb
5 - mayv_ML_7KO8_clean.pdb
6 - chikv_DH_6NK5_clean.pdb
7 - pmhc_spike_7m8s_renumber.pdb
8 - pmhc_mage3_5brz_renumber.pdb
9 - eeev_AB_6XO4.pdb
10 - mayv_ML_7KO8.pdb
11 - pmhc_flu_4nqx_renumber.pdb

Enter the numbers of the proteins to associate (comma-separated) or '1' to select all: Traceback (most recent call last):
  File "main.py", line 208, in <module>
    main()
  File "main.py", line 168, in main
    selected_files = get_user_selection(mols_files, mols_path)
  File "/home/carlos23001/IC/pMHC_graph/io_utils/pdb_io.py", line 17, in get_user_selection
    selection = input("\nEnter the numbers of the proteins to associate (comma-separated) or '1' to select all: ")
EOFError: EOF when reading a line
