CPUs disponíveis: 8
Threads OpenMP: 8
[10/10/24 01:09:57] WARNING  To use the Graphein submodule      embeddings.py:45
                             graphein.protein.features.sequence                 
                             .embeddings, you need to install:                  
                             biovec                                             
                             biovec cannot be installed via                     
                             conda                                              
                             Alternatively, you can install                     
                             graphein with the extras:                          
                                                                                
                             pip install graphein[extras]                       
                    WARNING  To use the Graphein submodule   visualisation.py:36
                             graphein.protein.visualisation,                    
                             you need to install: pytorch3d                     
                             To do so, use the following                        
                             command: conda install -c                          
                             pytorch3d pytorch3d                                
                    WARNING  To use the Graphein submodule          meshes.py:30
                             graphein.protein.meshes, you need to               
                             install: pytorch3d                                 
                             To do so, use the following command:               
                             conda install -c pytorch3d pytorch3d               
Usando 8 threads OpenMP.
                    DEBUG    Deprotonating protein. This removes H graphs.py:188
                             atoms from the pdb_df dataframe                    
                    DEBUG    Converting dataframe to centroids.    graphs.py:210
                             This averages XYZ coords of the                    
                             atoms in a residue                                 
                    DEBUG    Calculated 189 centroid nodes         graphs.py:649
                    DEBUG    Detected 189 total nodes              graphs.py:435
                    DEBUG    Reading meiler embeddings from:    amino_acid.py:58
                             /home/carlos23001/anaconda3/envs/i                 
                             c_bioinfo/lib/python3.8/site-packa                 
                             ges/graphein/protein/features/node                 
                             s/meiler_embeddings.csv                            
                    INFO     Found: 3297 distance edges          distance.py:964
                    INFO     Added 3297 distance edges. (0       distance.py:983
                             removed by LIN)                                    

                    DEBUG    Found 130 nodes in the surface     subgraphs.py:516
                             subgraph.                                          
                    DEBUG    Creating subgraph from nodes:       subgraphs.py:58
                             ['A:PRO:105', 'A:ASN:86',                          
                             'A:GLY:79', 'A:ASP:61', 'A:ALA:49',                
                             'A:GLU:46', 'A:GLU:55',                            
                             'A:VAL:158', 'A:GLN:62',                           
                             'A:HIS:151', 'A:ASP:119',                          
                             'A:GLU:161', 'A:ASN:127',                          
                             'C:ILE:5', 'A:ALA:76', 'A:GLN:115',                
                             'A:GLN:54', 'A:GLU:177',                           
                             'A:ARG:35', 'A:VAL:25',                            
                             'A:ALA:136', 'A:ASP:137',                          
                             'A:THR:80', 'A:LEU:110',                           
                             'A:LYS:68', 'A:ASP:30', 'A:ARG:6',                 
                             'A:GLU:19', 'A:ASN:174',                           
                             'A:TYR:84', 'A:TYR:113',                           
                             'A:LYS:121', 'A:ILE:142',                          
                             'A:SER:71', 'A:LYS:144',                           
                             'A:GLU:58', 'A:MET:138',                           
                             'A:GLY:91', 'A:THR:31',                            
                             'A:GLN:155', 'A:ALA:41',                           
                             'A:GLU:173', 'A:ALA:149',                          
                             'A:ARG:82', 'A:SER:42', 'A:GLU:53',                
                             'A:GLY:107', 'A:SER:38',                           
                             'A:THR:73', 'A:GLN:141',                           
                             'A:ARG:17', 'A:GLY:16', 'A:ARG:21',                
                             'A:PHE:8', 'A:ALA:125', 'A:THR:94',                
                             'A:HIS:3', 'A:GLN:43', 'A:MET:98',                 
                             'A:GLU:154', 'A:TRP:60', 'C:PRO:4',                
                             'A:GLN:180', 'A:ARG:145',                          
                             'A:SER:88', 'A:ARG:111',                           
                             'A:ASP:129', 'A:LYS:44',                           
                             'A:PRO:50', 'A:ASP:122',                           
                             'A:GLN:96', 'A:SER:4', 'A:ASP:39',                 
                             'A:ILE:23', 'A:THR:178',                           
                             'A:ASP:166', 'A:ALA:139',                          
                             'A:SER:2', 'A:ALA:40', 'A:GLY:56',                 
                             'A:SER:92', 'C:GLU:1', 'A:ARG:163',                
                             'A:PRO:20', 'A:TYR:85', 'A:ALA:69',                
                             'A:ASP:102', 'A:GLY:18',                           
                             'A:PRO:47', 'A:ASN:66',                            
                             'A:ARG:157', 'A:LYS:176',                          
                             'A:VAL:150', 'A:GLN:87', 'A:GLY:1',                
                             'A:SER:13', 'C:GLN:8', 'A:TYR:27',                 
                             'A:ASP:90', 'A:GLU:148', 'C:VAL:6',                
                             'A:ALA:135', 'A:ASP:106',                          
                             'A:GLY:120', 'A:ARG:170',                          
                             'A:ARG:48', 'A:ARG:65',                            
                             'A:ARG:169', 'A:PRO:15',                           
                             'A:LYS:146', 'A:ASP:29',                           
                             'A:GLU:128', 'A:GLY:83',                           
                             'A:SER:132', 'A:ARG:108',                          
                             'A:ALA:117', 'A:ARG:131',                          
                             'A:THR:134', 'A:GLN:72',                           
                             'A:GLN:32', 'A:ARG:75',                            
                             'A:PHE:109', 'A:ARG:14',                           
                             'A:GLU:89', 'A:PRO:57', 'A:THR:10',                
                             'A:ASP:37', 'A:HIS:93', 'A:VAL:12',                
                             'A:GLY:162'].                                      
Subgraph exposed_residues created with success!
                    DEBUG    Found 9 nodes in the chain         subgraphs.py:267
                             subgraph.                                          
                    DEBUG    Creating subgraph from nodes:       subgraphs.py:58
                             ['C:GLU:1', 'C:TYR:9', 'C:GLN:8',                  
                             'C:ALA:7', 'C:ILE:5', 'C:VAL:6',                   
                             'C:SER:2', 'C:PRO:4', 'C:ASP:3'].                  
Subgraph selected_chains created with success!
                    DEBUG    Found 59 nodes in the sequence     subgraphs.py:316
                             position subgraph.                                 
                    DEBUG    Creating subgraph from nodes:       subgraphs.py:58
                             ['A:ARG:169', 'A:GLY:79',                          
                             'A:LYS:146', 'A:GLN:155',                          
                             'A:ASP:61', 'A:GLU:55',                            
                             'A:TYR:159', 'A:ALA:149',                          
                             'A:VAL:158', 'A:GLY:83',                           
                             'A:TRP:147', 'A:GLN:62',                           
                             'A:ARG:65', 'A:THR:73',                            
                             'A:ARG:108', 'A:ASP:166',                          
                             'A:THR:64', 'A:HIS:151',                           
                             'A:ARG:131', 'A:GLU:161',                          
                             'A:ARG:17', 'A:GLY:56', 'A:ASN:77',                
                             'A:GLU:63', 'A:GLN:72', 'A:ALA:76',                
                             'A:GLN:54', 'A:ARG:75', 'A:HIS:70',                
                             'A:ARG:163', 'A:PHE:109',                          
                             'A:GLN:43', 'A:ALA:69',                            
                             'A:GLU:154', 'A:GLU:89',                           
                             'A:THR:80', 'A:TRP:60', 'A:GLY:18',                
                             'A:ASN:66', 'A:ARG:157',                           
                             'A:ILE:142', 'A:LYS:68',                           
                             'A:PRO:57', 'A:VAL:150',                           
                             'A:ARG:145', 'A:ARG:170',                          
                             'A:GLY:167', 'A:ALA:152',                          
                             'A:GLU:19', 'A:TYR:84',                            
                             'A:ALA:153', 'A:GLU:148',                          
                             'A:TYR:59', 'A:ARG:156',                           
                             'A:GLY:162', 'A:ASP:106',                          
                             'A:SER:71', 'A:LYS:44',                            
                             'A:GLU:58'].                                       
Subgraph all_residues created with success!
Vou iniciar o produto cartesiano
DEBUG:CRSProtein:Total Lenght Graphs: 53
INFO:CRSProtein:Creating filtered contact maps and full residue maps...
INFO:CRSProtein:Filtered contact maps and full residue maps created with success!
INFO:CRSProtein:Creating the Neighbors Vector...
No duplicated node_ids found.
INFO:CRSProtein:Neighbors vector created with success!
INFO:CRSProtein:Creating nighbors similarity matrix...
INFO:CRSProtein:Neighbors similarity matrix created with success!
INFO:CRSProtein:Identity: Creating associated nodes matrix...
INFO:CRSProtein:Identity: Associated nodes matrix created with success!
INFO:CRSProtein:Making all possible nodes
DEBUG:CRSProtein:0/53 Making the cartesian product
DEBUG:CRSProtein:0/53 Cartesian product finalized
DEBUG:CRSProtein:1/53 Making the cartesian product
DEBUG:CRSProtein:1/53 Cartesian product finalized
DEBUG:CRSProtein:2/53 Making the cartesian product
DEBUG:CRSProtein:2/53 Cartesian product finalized
DEBUG:CRSProtein:3/53 Making the cartesian product
DEBUG:CRSProtein:3/53 Cartesian product finalized
DEBUG:CRSProtein:4/53 Making the cartesian product
DEBUG:CRSProtein:4/53 Cartesian product finalized
DEBUG:CRSProtein:5/53 Making the cartesian product
DEBUG:CRSProtein:5/53 Cartesian product finalized
DEBUG:CRSProtein:6/53 Making the cartesian product
DEBUG:CRSProtein:6/53 Cartesian product finalized
DEBUG:CRSProtein:7/53 Making the cartesian product
DEBUG:CRSProtein:7/53 Cartesian product finalized
DEBUG:CRSProtein:8/53 Making the cartesian product
DEBUG:CRSProtein:8/53 Cartesian product finalized
DEBUG:CRSProtein:9/53 Making the cartesian product
DEBUG:CRSProtein:9/53 Cartesian product finalized
DEBUG:CRSProtein:10/53 Making the cartesian product
DEBUG:CRSProtein:10/53 Cartesian product finalized
DEBUG:CRSProtein:11/53 Making the cartesian product
DEBUG:CRSProtein:11/53 Cartesian product finalized
DEBUG:CRSProtein:12/53 Making the cartesian product
DEBUG:CRSProtein:12/53 Cartesian product finalized
DEBUG:CRSProtein:13/53 Making the cartesian product
DEBUG:CRSProtein:13/53 Cartesian product finalized
DEBUG:CRSProtein:14/53 Making the cartesian product
DEBUG:CRSProtein:14/53 Cartesian product finalized
DEBUG:CRSProtein:15/53 Making the cartesian product
DEBUG:CRSProtein:15/53 Cartesian product finalized
DEBUG:CRSProtein:16/53 Making the cartesian product
DEBUG:CRSProtein:16/53 Cartesian product finalized
DEBUG:CRSProtein:17/53 Making the cartesian product
DEBUG:CRSProtein:17/53 Cartesian product finalized
DEBUG:CRSProtein:18/53 Making the cartesian product
DEBUG:CRSProtein:18/53 Cartesian product finalized
DEBUG:CRSProtein:19/53 Making the cartesian product
DEBUG:CRSProtein:19/53 Cartesian product finalized
DEBUG:CRSProtein:20/53 Making the cartesian product
DEBUG:CRSProtein:20/53 Cartesian product finalized
DEBUG:CRSProtein:21/53 Making the cartesian product
DEBUG:CRSProtein:21/53 Cartesian product finalized
DEBUG:CRSProtein:22/53 Making the cartesian product
DEBUG:CRSProtein:22/53 Cartesian product finalized
DEBUG:CRSProtein:23/53 Making the cartesian product
DEBUG:CRSProtein:23/53 Cartesian product finalized
DEBUG:CRSProtein:24/53 Making the cartesian product
DEBUG:CRSProtein:24/53 Cartesian product finalized
DEBUG:CRSProtein:25/53 Making the cartesian product
DEBUG:CRSProtein:25/53 Cartesian product finalized
DEBUG:CRSProtein:26/53 Making the cartesian product
DEBUG:CRSProtein:26/53 Cartesian product finalized
DEBUG:CRSProtein:27/53 Making the cartesian product
DEBUG:CRSProtein:27/53 Cartesian product finalized
DEBUG:CRSProtein:28/53 Making the cartesian product
DEBUG:CRSProtein:28/53 Cartesian product finalized
DEBUG:CRSProtein:29/53 Making the cartesian product
DEBUG:CRSProtein:29/53 Cartesian product finalized
DEBUG:CRSProtein:30/53 Making the cartesian product
DEBUG:CRSProtein:30/53 Cartesian product finalized
DEBUG:CRSProtein:31/53 Making the cartesian product
DEBUG:CRSProtein:31/53 Cartesian product finalized
DEBUG:CRSProtein:32/53 Making the cartesian product
DEBUG:CRSProtein:32/53 Cartesian product finalized
DEBUG:CRSProtein:33/53 Making the cartesian product
DEBUG:CRSProtein:33/53 Cartesian product finalized
DEBUG:CRSProtein:34/53 Making the cartesian product
DEBUG:CRSProtein:34/53 Cartesian product finalized
DEBUG:CRSProtein:35/53 Making the cartesian product
DEBUG:CRSProtein:35/53 Cartesian product finalized
DEBUG:CRSProtein:36/53 Making the cartesian product
DEBUG:CRSProtein:36/53 Cartesian product finalized
DEBUG:CRSProtein:37/53 Making the cartesian product
DEBUG:CRSProtein:37/53 Cartesian product finalized
DEBUG:CRSProtein:38/53 Making the cartesian product
DEBUG:CRSProtein:38/53 Cartesian product finalized
DEBUG:CRSProtein:39/53 Making the cartesian product
DEBUG:CRSProtein:39/53 Cartesian product finalized
DEBUG:CRSProtein:40/53 Making the cartesian product
DEBUG:CRSProtein:40/53 Cartesian product finalized
DEBUG:CRSProtein:41/53 Making the cartesian product
DEBUG:CRSProtein:41/53 Cartesian product finalized
DEBUG:CRSProtein:42/53 Making the cartesian product
DEBUG:CRSProtein:42/53 Cartesian product finalized
DEBUG:CRSProtein:43/53 Making the cartesian product
DEBUG:CRSProtein:43/53 Cartesian product finalized
DEBUG:CRSProtein:44/53 Making the cartesian product
DEBUG:CRSProtein:44/53 Cartesian product finalized
DEBUG:CRSProtein:45/53 Making the cartesian product
DEBUG:CRSProtein:45/53 Cartesian product finalized
DEBUG:CRSProtein:46/53 Making the cartesian product
DEBUG:CRSProtein:46/53 Cartesian product finalized
DEBUG:CRSProtein:47/53 Making the cartesian product
DEBUG:CRSProtein:47/53 Cartesian product finalized
DEBUG:CRSProtein:48/53 Making the cartesian product
DEBUG:CRSProtein:48/53 Cartesian product finalized
DEBUG:CRSProtein:49/53 Making the cartesian product
DEBUG:CRSProtein:49/53 Cartesian product finalized
DEBUG:CRSProtein:50/53 Making the cartesian product
DEBUG:CRSProtein:50/53 Cartesian product finalized
DEBUG:CRSProtein:51/53 Making the cartesian product
DEBUG:CRSProtein:51/53 Cartesian product finalized
DEBUG:CRSProtein:52/53 Making the cartesian product
DEBUG:CRSProtein:52/53 Cartesian product finalized
INFO:CRSProtein:Making combinations with filtering....
Progress: 0/53, Elapsed time: 0.00 seconds
INFO:CRSProtein:Filtered combinations successfully made! Found 173 valid edges.
/home/carlos23001/anaconda3/envs/ic_bioinfo/lib/python3.8/site-packages/graphein/protein/graphs.py:641: FutureWarning: The default value of numeric_only in DataFrameGroupBy.mean is deprecated. In a future version, numeric_only will default to False. Either specify numeric_only or select only columns which should be valid for the function.
  atoms.groupby(
/home/carlos23001/IC/pMHC_graph/utils/tools.py:1021: RuntimeWarning: divide by zero encountered in divide
  mult = 1 / (np.array(adj) * np.array(dist_m))
G_sub: Graph with 0 nodes and 0 edges
Tempo para produto cartesiano: 0.011872529983520508
GraphAssociated's plot saved in data/classI_melyssa/renumbered/withoutTCR/analysis/output5/full_association_graph_4pmhc_identity_teste.png
No peptide nodes were found in the association graph. No subgraph will be generated.
